{"logTime": "0225/235057", "correlationVector":"sfvAiqllX9LIedejP30Za2.31","action":"GetUpdates", "result":"DeleteReceived", "context":{"id":"0227b29b-fce6-460b-a844-d830a5118550", "isDeleted:":"true", "version":"1704915689582"}}
{"logTime": "0225/235057", "correlationVector":"sfvAiqllX9LIedejP30Za2.32","action":"GetUpdates", "result":"DeleteReceived", "context":{"id":"0adee22d-6562-48ed-b45b-1cca74daa427", "isDeleted:":"true", "version":"1704915691228"}}
{"logTime": "0225/235057", "correlationVector":"sfvAiqllX9LIedejP30Za2.33","action":"GetUpdates", "result":"DeleteReceived", "context":{"id":"405da9c2-88ba-461a-a78a-b9a77ec779bd", "isDeleted:":"true", "version":"1704915692724"}}
{"logTime": "0225/235057", "correlationVector":"sfvAiqllX9LIedejP30Za2.34","action":"GetUpdates", "result":"DeleteReceived", "context":{"id":"0c510966-22da-45a5-bb14-c660571e42af", "isDeleted:":"true", "version":"1704915694045"}}
{"logTime": "0225/235057", "correlationVector":"sfvAiqllX9LIedejP30Za2.35","action":"GetUpdates", "result":"DeleteReceived", "context":{"id":"441f3b04-4905-4e25-bcfc-5c5eca1f2c89", "isDeleted:":"true", "version":"1704915710369"}}
{"logTime": "0225/235057", "correlationVector":"sfvAiqllX9LIedejP30Za2.36","action":"GetUpdates", "result":"DeleteReceived", "context":{"id":"db9d4ce6-e7c1-4d13-a104-9482186894f3", "isDeleted:":"true", "version":"1704915712379"}}
{"logTime": "0225/235057", "correlationVector":"sfvAiqllX9LIedejP30Za2.37","action":"GetUpdates", "result":"DeleteReceived", "context":{"id":"0a727d97-71e1-4f15-9a17-f4e5caa70c5d", "isDeleted:":"true", "version":"1704915713675"}}
{"logTime": "0225/235057", "correlationVector":"sfvAiqllX9LIedejP30Za2.38","action":"GetUpdates", "result":"DeleteReceived", "context":{"id":"fd703181-880e-40b3-b671-2bb236e98065", "isDeleted:":"true", "version":"1704915714745"}}
{"logTime": "0225/235057", "correlationVector":"sfvAiqllX9LIedejP30Za2.39","action":"GetUpdates", "result":"DeleteReceived", "context":{"id":"2c6126a7-d2a0-496e-9783-b44741f01f73", "isDeleted:":"true", "version":"1704915719384"}}
{"logTime": "0225/235057", "correlationVector":"sfvAiqllX9LIedejP30Za2.40","action":"GetUpdates", "result":"DeleteReceived", "context":{"id":"9a73fe7a-8372-433c-a12a-d75a21269cff", "isDeleted:":"true", "version":"1704915720682"}}
{"logTime": "0225/235057", "correlationVector":"sfvAiqllX9LIedejP30Za2.41","action":"GetUpdates", "result":"DeleteReceived", "context":{"id":"a3e878ce-4ccb-4dec-91e5-c769824686d9", "isDeleted:":"true", "version":"1704915721266"}}
{"logTime": "0225/235057", "correlationVector":"sfvAiqllX9LIedejP30Za2.42","action":"GetUpdates", "result":"DeleteReceived", "context":{"id":"52b68e9f-b932-4ca8-b7d4-e69d323abc29", "isDeleted:":"true", "version":"1704915721840"}}
{"logTime": "0225/235057", "correlationVector":"sfvAiqllX9LIedejP30Za2.43","action":"GetUpdates", "result":"DeleteReceived", "context":{"id":"89c30b3e-2f2a-48ef-88e9-00b3440e2b31", "isDeleted:":"true", "version":"1704915722256"}}
{"logTime": "0225/235057", "correlationVector":"sfvAiqllX9LIedejP30Za2.44","action":"GetUpdates", "result":"DeleteReceived", "context":{"id":"e7be79b8-219f-4890-8180-e9f92eb777ee", "isDeleted:":"true", "version":"1704915722987"}}
{"logTime": "0225/235057", "correlationVector":"sfvAiqllX9LIedejP30Za2.45","action":"GetUpdates", "result":"DeleteReceived", "context":{"id":"5d4fd7ae-e709-418c-854a-5da373fd4554", "isDeleted:":"true", "version":"1704915723845"}}
{"logTime": "0225/235057", "correlationVector":"sfvAiqllX9LIedejP30Za2.46","action":"GetUpdates", "result":"DeleteReceived", "context":{"id":"860d248c-533f-44c1-82ba-2e38f1ea1c3f", "isDeleted:":"true", "version":"1704915725601"}}
{"logTime": "0225/235057", "correlationVector":"sfvAiqllX9LIedejP30Za2.47","action":"GetUpdates", "result":"DeleteReceived", "context":{"id":"19ebb217-9d17-4eda-8b3d-79c0e5631ede", "isDeleted:":"true", "version":"1704915726841"}}
{"logTime": "0225/235057", "correlationVector":"sfvAiqllX9LIedejP30Za2.48","action":"GetUpdates", "result":"DeleteReceived", "context":{"id":"bf9acceb-17a1-4236-b971-22e2d42d8679", "isDeleted:":"true", "version":"1704915728641"}}
{"logTime": "0225/235057", "correlationVector":"sfvAiqllX9LIedejP30Za2.49","action":"GetUpdates", "result":"DeleteReceived", "context":{"id":"6d0605ce-7b04-460d-ac52-af37150834d3", "isDeleted:":"true", "version":"1704915729271"}}
{"logTime": "0225/235057", "correlationVector":"sfvAiqllX9LIedejP30Za2.50","action":"GetUpdates", "result":"DeleteReceived", "context":{"id":"93ee5c07-69d0-47be-9d34-8884bd0da017", "isDeleted:":"true", "version":"1704915730345"}}
{"logTime": "0225/235057", "correlationVector":"sfvAiqllX9LIedejP30Za2.51","action":"GetUpdates", "result":"DeleteReceived", "context":{"id":"b00ccd53-0acf-4f5e-992c-47ab2e55e11c", "isDeleted:":"true", "version":"1704915731013"}}
{"logTime": "0225/235057", "correlationVector":"sfvAiqllX9LIedejP30Za2.52","action":"GetUpdates", "result":"DeleteReceived", "context":{"id":"4cd78664-94a3-4da8-a0e3-eaff16e5b109", "isDeleted:":"true", "version":"1704915732149"}}
{"logTime": "0225/235057", "correlationVector":"sfvAiqllX9LIedejP30Za2.53","action":"GetUpdates", "result":"DeleteReceived", "context":{"id":"8f7ee039-db73-4686-aa19-27e090f1e5d8", "isDeleted:":"true", "version":"1704915732150"}}
{"logTime": "0225/235057", "correlationVector":"sfvAiqllX9LIedejP30Za2.54","action":"GetUpdates", "result":"DeleteReceived", "context":{"id":"e3a6053b-c953-4709-9c4d-3810115d75e0", "isDeleted:":"true", "version":"1704915732630"}}
{"logTime": "0225/235057", "correlationVector":"sfvAiqllX9LIedejP30Za2.55","action":"GetUpdates", "result":"DeleteReceived", "context":{"id":"458f65c6-3d72-4fa1-8f49-8918f86337bb", "isDeleted:":"true", "version":"1704915732631"}}
{"logTime": "0225/235057", "correlationVector":"sfvAiqllX9LIedejP30Za2.56","action":"GetUpdates", "result":"DeleteReceived", "context":{"id":"c0196122-3833-435a-846b-c789fff03e87", "isDeleted:":"true", "version":"1704915733134"}}
{"logTime": "0225/235057", "correlationVector":"sfvAiqllX9LIedejP30Za2.57","action":"GetUpdates", "result":"DeleteReceived", "context":{"id":"6888be69-aa0a-4e03-994f-b5c3ecc0609e", "isDeleted:":"true", "version":"1704915733135"}}
{"logTime": "0225/235057", "correlationVector":"sfvAiqllX9LIedejP30Za2.58","action":"GetUpdates", "result":"DeleteReceived", "context":{"id":"ab353ff5-7374-4473-8913-195ca1a6f587", "isDeleted:":"true", "version":"1704915733136"}}
{"logTime": "0225/235057", "correlationVector":"sfvAiqllX9LIedejP30Za2.59","action":"GetUpdates", "result":"DeleteReceived", "context":{"id":"b7358c1b-fcfc-4d94-8b8f-771e05bc2253", "isDeleted:":"true", "version":"1704915733678"}}
{"logTime": "0225/235057", "correlationVector":"sfvAiqllX9LIedejP30Za2.60","action":"GetUpdates", "result":"DeleteReceived", "context":{"id":"670e598a-71b7-4a0c-a249-79f5df9aa549", "isDeleted:":"true", "version":"1704915733679"}}
{"logTime": "0225/235057", "correlationVector":"sfvAiqllX9LIedejP30Za2.61","action":"GetUpdates", "result":"DeleteReceived", "context":{"id":"b149573d-260d-453c-8b08-760c0e7908f3", "isDeleted:":"true", "version":"1704915734579"}}
{"logTime": "0225/235057", "correlationVector":"sfvAiqllX9LIedejP30Za2.62","action":"GetUpdates", "result":"DeleteReceived", "context":{"id":"e82e8987-3214-4168-8643-2a366cb32a13", "isDeleted:":"true", "version":"1704915735988"}}
{"logTime": "0225/235057", "correlationVector":"sfvAiqllX9LIedejP30Za2.63","action":"GetUpdates", "result":"DeleteReceived", "context":{"id":"4ed850fa-a368-49f5-bb20-580ffed4e74b", "isDeleted:":"true", "version":"1704915736431"}}
{"logTime": "0225/235057", "correlationVector":"sfvAiqllX9LIedejP30Za2.64","action":"GetUpdates", "result":"DeleteReceived", "context":{"id":"f5f37113-4a70-47a2-9f22-58a440c18b5b", "isDeleted:":"true", "version":"1704915736432"}}
{"logTime": "0225/235057", "correlationVector":"sfvAiqllX9LIedejP30Za2.65","action":"GetUpdates", "result":"DeleteReceived", "context":{"id":"30ce57c6-3dd2-4992-b951-81dd0fbf7762", "isDeleted:":"true", "version":"1704915737260"}}
{"logTime": "0225/235057", "correlationVector":"sfvAiqllX9LIedejP30Za2.66","action":"GetUpdates", "result":"DeleteReceived", "context":{"id":"67b6db57-9361-4376-972f-345d1143627b", "isDeleted:":"true", "version":"1704915738520"}}
{"logTime": "0225/235057", "correlationVector":"sfvAiqllX9LIedejP30Za2.67","action":"GetUpdates", "result":"DeleteReceived", "context":{"id":"2a5339d5-529a-4551-8fe8-08ec8ea1e9ec", "isDeleted:":"true", "version":"1704915739372"}}
{"logTime": "0225/235057", "correlationVector":"sfvAiqllX9LIedejP30Za2.68","action":"GetUpdates", "result":"DeleteReceived", "context":{"id":"694668ce-c79b-49a7-9a26-2bef1c9b4709", "isDeleted:":"true", "version":"1704915740879"}}
{"logTime": "0225/235057", "correlationVector":"sfvAiqllX9LIedejP30Za2.69","action":"GetUpdates", "result":"DeleteReceived", "context":{"id":"9ede1c0c-b489-4f95-a66b-d7e82d0e2f70", "isDeleted:":"true", "version":"1704915740880"}}
{"logTime": "0225/235057", "correlationVector":"sfvAiqllX9LIedejP30Za2.70","action":"GetUpdates", "result":"DeleteReceived", "context":{"id":"362158bb-2042-45d7-9922-2b1eb86dd655", "isDeleted:":"true", "version":"1704915741367"}}
{"logTime": "0225/235057", "correlationVector":"sfvAiqllX9LIedejP30Za2.71","action":"GetUpdates", "result":"DeleteReceived", "context":{"id":"f2781f47-b6da-412c-9ca9-1a71f0c90d34", "isDeleted:":"true", "version":"1704915741368"}}
{"logTime": "0225/235057", "correlationVector":"sfvAiqllX9LIedejP30Za2.72","action":"GetUpdates", "result":"DeleteReceived", "context":{"id":"7a1ef73d-3022-4850-9c53-c6d965aa6343", "isDeleted:":"true", "version":"1704915741369"}}
{"logTime": "0225/235057", "correlationVector":"sfvAiqllX9LIedejP30Za2.73","action":"GetUpdates", "result":"DeleteReceived", "context":{"id":"976a671a-2c2a-4d0a-94c7-ad0ecbe6aa33", "isDeleted:":"true", "version":"1704915741871"}}
{"logTime": "0225/235057", "correlationVector":"sfvAiqllX9LIedejP30Za2.74","action":"GetUpdates", "result":"DeleteReceived", "context":{"id":"c6ab9597-6f8b-4548-b561-13213fe367c1", "isDeleted:":"true", "version":"1704915741872"}}
{"logTime": "0225/235057", "correlationVector":"sfvAiqllX9LIedejP30Za2.75","action":"GetUpdates", "result":"DeleteReceived", "context":{"id":"cc1d2b2f-e61e-4146-af55-4a9aec181444", "isDeleted:":"true", "version":"1704915741873"}}
{"logTime": "0225/235057", "correlationVector":"sfvAiqllX9LIedejP30Za2.76","action":"GetUpdates", "result":"DeleteReceived", "context":{"id":"b3bd4d49-b2f5-4393-a12e-bf474c30fd9b", "isDeleted:":"true", "version":"1704915742767"}}
{"logTime": "0225/235057", "correlationVector":"sfvAiqllX9LIedejP30Za2.77","action":"GetUpdates", "result":"DeleteReceived", "context":{"id":"0168ee5e-5569-47eb-aeaa-f661a2942485", "isDeleted:":"true", "version":"1704915743699"}}
{"logTime": "0225/235057", "correlationVector":"sfvAiqllX9LIedejP30Za2.78","action":"GetUpdates", "result":"DeleteReceived", "context":{"id":"8de987ec-283e-4c6c-a699-e2c05c82d55f", "isDeleted:":"true", "version":"1704915744369"}}
{"logTime": "0225/235057", "correlationVector":"sfvAiqllX9LIedejP30Za2.79","action":"GetUpdates", "result":"DeleteReceived", "context":{"id":"655689d3-b0cd-40a7-ad65-0e2488234d95", "isDeleted:":"true", "version":"1704915745642"}}
{"logTime": "0225/235057", "correlationVector":"sfvAiqllX9LIedejP30Za2.80","action":"GetUpdates", "result":"DeleteReceived", "context":{"id":"f4ab2177-1e78-4cf1-969c-64ea3264fc6a", "isDeleted:":"true", "version":"1704915746747"}}
{"logTime": "0225/235057", "correlationVector":"sfvAiqllX9LIedejP30Za2.81","action":"GetUpdates", "result":"DeleteReceived", "context":{"id":"2e1f7bd6-396f-4c77-80bf-a920fae7acc1", "isDeleted:":"true", "version":"1704915768963"}}
{"logTime": "0225/235057", "correlationVector":"sfvAiqllX9LIedejP30Za2.82","action":"GetUpdates", "result":"DeleteReceived", "context":{"id":"ffc2c870-058a-42aa-ba34-730ebfab837a", "isDeleted:":"true", "version":"1704915770928"}}
{"logTime": "0225/235057", "correlationVector":"sfvAiqllX9LIedejP30Za2.83","action":"GetUpdates", "result":"DeleteReceived", "context":{"id":"e0142cc1-7dc7-472c-9041-04cdbeef6249", "isDeleted:":"true", "version":"1704915771770"}}
{"logTime": "0225/235057", "correlationVector":"sfvAiqllX9LIedejP30Za2.84","action":"GetUpdates", "result":"DeleteReceived", "context":{"id":"58016225-7f32-4813-8b0b-5b19941fb47e", "isDeleted:":"true", "version":"1704915772752"}}
{"logTime": "0225/235057", "correlationVector":"sfvAiqllX9LIedejP30Za2.85","action":"GetUpdates", "result":"DeleteReceived", "context":{"id":"1792b01b-6987-4be5-b55a-b695a580a161", "isDeleted:":"true", "version":"1704915774004"}}
{"logTime": "0225/235057", "correlationVector":"sfvAiqllX9LIedejP30Za2.86","action":"GetUpdates", "result":"DeleteReceived", "context":{"id":"69f8da74-a5d7-4223-aa29-cb006928447b", "isDeleted:":"true", "version":"1704915775704"}}
{"logTime": "0225/235057", "correlationVector":"sfvAiqllX9LIedejP30Za2.87","action":"GetUpdates", "result":"DeleteReceived", "context":{"id":"e8ad58a1-f47e-44fe-976d-4920271917af", "isDeleted:":"true", "version":"1704915776852"}}
{"logTime": "0225/235057", "correlationVector":"sfvAiqllX9LIedejP30Za2.88","action":"GetUpdates", "result":"DeleteReceived", "context":{"id":"8519cd4e-5da0-456e-9605-fafecc11f694", "isDeleted:":"true", "version":"1704915777752"}}
{"logTime": "0225/235057", "correlationVector":"sfvAiqllX9LIedejP30Za2.89","action":"GetUpdates", "result":"DeleteReceived", "context":{"id":"f5653257-6bd0-4416-b27c-0cb0ce05620f", "isDeleted:":"true", "version":"1704915780037"}}
{"logTime": "0225/235057", "correlationVector":"sfvAiqllX9LIedejP30Za2.90","action":"GetUpdates", "result":"DeleteReceived", "context":{"id":"4f67073f-ab30-4c64-9502-2e943877bddf", "isDeleted:":"true", "version":"1704915781748"}}
{"logTime": "0225/235057", "correlationVector":"sfvAiqllX9LIedejP30Za2.91","action":"GetUpdates", "result":"DeleteReceived", "context":{"id":"add5de9e-6c51-4e5d-9d8c-c03136bb6c82", "isDeleted:":"true", "version":"1704915783344"}}
{"logTime": "0225/235057", "correlationVector":"sfvAiqllX9LIedejP30Za2.92","action":"GetUpdates", "result":"DeleteReceived", "context":{"id":"b8950eba-4f3e-4b82-888e-bbe7b58cb7e8", "isDeleted:":"true", "version":"1704915784695"}}
{"logTime": "0225/235057", "correlationVector":"sfvAiqllX9LIedejP30Za2.93","action":"GetUpdates", "result":"DeleteReceived", "context":{"id":"0f6f331e-f9a5-4e5f-b247-8be889f6da1e", "isDeleted:":"true", "version":"1704915787715"}}
{"logTime": "0225/235057", "correlationVector":"sfvAiqllX9LIedejP30Za2.94","action":"GetUpdates", "result":"DeleteReceived", "context":{"id":"fbfb3f15-6937-4fc3-acc3-022168d8acf8", "isDeleted:":"true", "version":"1704915789496"}}
{"logTime": "0225/235057", "correlationVector":"sfvAiqllX9LIedejP30Za2.95","action":"GetUpdates", "result":"DeleteReceived", "context":{"id":"d25cdab1-107a-4bd6-8bc1-e032af8dae81", "isDeleted:":"true", "version":"1704915791019"}}
{"logTime": "0225/235057", "correlationVector":"sfvAiqllX9LIedejP30Za2.96","action":"GetUpdates", "result":"DeleteReceived", "context":{"id":"1c988f7c-8c47-472f-819a-fa4660198ad0", "isDeleted:":"true", "version":"1704915794837"}}
{"logTime": "0225/235057", "correlationVector":"sfvAiqllX9LIedejP30Za2.97","action":"GetUpdates Response", "result":"SERVER_MORE_TO_DOWNLOAD", "context":Received 250 update(s).  Some updates remain.}
{"logTime": "0225/235057", "correlationVector":"Lt8S9OGbSKqmMkmPuUMvW0","action":"Initial GetUpdates", "result":"", "context":Reason: NEWLY_SUPPORTED_DATATYPE. cV=Lt8S9OGbSKqmMkmPuUMvW0}
{"logTime": "0225/235057", "correlationVector":"Lt8S9OGbSKqmMkmPuUMvW0.1","action":"SyncServerConnectionManagerRequest", "result":"SYNC_SERVER_OK", "context":{"environment":"Prod_WestEurope_000l", "migrationStage":"NotStarted", "server":"GENERAL01000004"}}
{"logTime": "0225/235057", "correlationVector":"Lt8S9OGbSKqmMkmPuUMvW0.2","action":"GetUpdates Response", "result":"SYNCER_OK", "context":Received 69 update(s). cV=Lt8S9OGbSKqmMkmPuUMvW0.0;server=GENERAL01000004;cloudType=Consumer;environment=Prod_WestEurope_000l;migrationStage=NotStarted}
{"logTime": "0225/235057", "correlationVector":"g1vET4MgTjL88TuFLXZk4Y","action":"SyncServerConnectionManagerRequest", "result":"SYNC_SERVER_OK", "context":{"environment":"", "migrationStage":"", "server":""}}
{"logTime": "0225/235057", "correlationVector":"haGetia06IUX3Mv0vxFiPW","action":"Normal GetUpdate request", "result":"", "context":cV=haGetia06IUX3Mv0vxFiPW
Nudged types: Sessions
Refresh requested types: Bookmarks, Preferences, Passwords, Autofill Profiles, Autofill, Typed URLs, Extensions, Sessions, Extension settings, History Delete Directives, Device Info, User Consents, Send Tab To Self, Web Apps, Collection, Edge E Drop, Edge Hub App Usage, Edge Wallet, Encryption Keys}
{"logTime": "0225/235057", "correlationVector":"haGetia06IUX3Mv0vxFiPW.1","action":"SyncServerConnectionManagerRequest", "result":"SYNC_SERVER_OK", "context":{"environment":"Prod_WestEurope_000l", "migrationStage":"NotStarted", "server":"GENERAL01000008"}}
{"logTime": "0225/235057", "correlationVector":"haGetia06IUX3Mv0vxFiPW.2","action":"GetUpdates Response", "result":"SYNCER_OK", "context":Received 0 update(s). cV=haGetia06IUX3Mv0vxFiPW.0;server=GENERAL01000008;cloudType=Consumer;environment=Prod_WestEurope_000l;migrationStage=NotStarted}
{"logTime": "0225/235057", "correlationVector":"MKZaBA7WUMd7iCljMDJPHH","action":"Commit Request", "result":"", "context":Item count: 3
Contributing types: Sessions}
{"logTime": "0225/235057", "correlationVector":"MKZaBA7WUMd7iCljMDJPHH.1","action":"SyncServerConnectionManagerRequest", "result":"SYNC_SERVER_OK", "context":{"environment":"Prod_WestEurope_000l", "migrationStage":"NotStarted", "server":"GENERAL0100000C"}}
{"logTime": "0225/235057", "correlationVector":"MKZaBA7WUMd7iCljMDJPHH.2","action":"Commit Response", "result":"SYNCER_OK", "context":Result: SYNCER_OK. cV=MKZaBA7WUMd7iCljMDJPHH.0;server=GENERAL0100000C;cloudType=Consumer;environment=Prod_WestEurope_000l;migrationStage=NotStarted}
{"logTime": "0225/235057", "correlationVector":"wzPr4+oZwVC207IgrPaujP","action":"Normal GetUpdate request", "result":"", "context":cV=wzPr4+oZwVC207IgrPaujP
Nudged types: Sessions
Refresh requested types: Bookmarks, Preferences, Passwords, Autofill Profiles, Autofill, Typed URLs, Extensions, Sessions, Extension settings, History Delete Directives, Device Info, User Consents, Send Tab To Self, Web Apps, Collection, Edge E Drop, Edge Hub App Usage, Edge Wallet, Encryption Keys}
{"logTime": "0225/235057", "correlationVector":"wzPr4+oZwVC207IgrPaujP.1","action":"SyncServerConnectionManagerRequest", "result":"SYNC_SERVER_OK", "context":{"environment":"Prod_WestEurope_000l", "migrationStage":"NotStarted", "server":"general0300001F"}}
{"logTime": "0225/235057", "correlationVector":"wzPr4+oZwVC207IgrPaujP.2","action":"GetUpdates Response", "result":"SYNCER_OK", "context":Received 3 update(s). cV=wzPr4+oZwVC207IgrPaujP.0;server=general0300001F;cloudType=Consumer;environment=Prod_WestEurope_000l;migrationStage=NotStarted}
{"logTime": "0225/235151", "correlationVector":"j0rvwNN/if2PKRt+iouFIH.1","action":"SyncServerConnectionManagerRequest", "result":"SYNC_SERVER_OK", "context":{"environment":"Prod_WestEurope_000l", "migrationStage":"NotStarted", "server":"GENERAL0100000T"}}
{"logTime": "0225/235151", "correlationVector":"j0rvwNN/if2PKRt+iouFIH","action":"Initial GetUpdates", "result":"", "context":Reason: NEW_CLIENT. cV=j0rvwNN/if2PKRt+iouFIH}
{"logTime": "0225/235151", "correlationVector":"j0rvwNN/if2PKRt+iouFIH.2","action":"GetUpdates Response", "result":"SYNCER_OK", "context":Received 1 update(s). cV=j0rvwNN/if2PKRt+iouFIH.0;server=GENERAL0100000T;cloudType=Consumer;environment=Prod_WestEurope_000l;migrationStage=NotStarted}
{"logTime": "0225/235151", "correlationVector":"KvClBmR+4pBfogyzq3+ran","action":"Initial GetUpdates", "result":"", "context":Reason: NEWLY_SUPPORTED_DATATYPE. cV=KvClBmR+4pBfogyzq3+ran}
{"logTime": "0225/235151", "correlationVector":"KvClBmR+4pBfogyzq3+ran.1","action":"SyncServerConnectionManagerRequest", "result":"SYNC_SERVER_OK", "context":{"environment":"Prod_WestEurope_000l", "migrationStage":"NotStarted", "server":"GENERAL0300003M"}}
{"logTime": "0225/235151", "correlationVector":"KvClBmR+4pBfogyzq3+ran.2","action":"GetUpdates", "result":"DeleteReceived", "context":{"id":"5378a053-8808-4fdd-ad02-f170937116c1", "isDeleted:":"true", "version":"1680693947263"}}
{"logTime": "0225/235151", "correlationVector":"KvClBmR+4pBfogyzq3+ran.3","action":"GetUpdates", "result":"DeleteReceived", "context":{"id":"60f8353c-cab6-46bf-a91d-c8864999d997", "isDeleted:":"true", "version":"1680693948430"}}
{"logTime": "0225/235151", "correlationVector":"KvClBmR+4pBfogyzq3+ran.4","action":"GetUpdates", "result":"DeleteReceived", "context":{"id":"bfda4722-2451-44d2-a891-39d1bd0a3177", "isDeleted:":"true", "version":"1680693948904"}}
{"logTime": "0225/235151", "correlationVector":"KvClBmR+4pBfogyzq3+ran.5","action":"GetUpdates", "result":"DeleteReceived", "context":{"id":"aa81c26d-5733-4729-b101-574645a0a6e1", "isDeleted:":"true", "version":"1680693955272"}}
{"logTime": "0225/235151", "correlationVector":"KvClBmR+4pBfogyzq3+ran.6","action":"GetUpdates", "result":"DeleteReceived", "context":{"id":"f684ffc7-a672-4a3d-bae7-ca76cbb43ded", "isDeleted:":"true", "version":"1680693956414"}}
{"logTime": "0225/235151", "correlationVector":"KvClBmR+4pBfogyzq3+ran.7","action":"GetUpdates", "result":"DeleteReceived", "context":{"id":"61b41939-db3b-4306-b24a-1e85c8ac3af6", "isDeleted:":"true", "version":"1680693980764"}}
{"logTime": "0225/235151", "correlationVector":"KvClBmR+4pBfogyzq3+ran.8","action":"GetUpdates", "result":"DeleteReceived", "context":{"id":"c7100751-16c5-4946-9c62-f93f2bdff237", "isDeleted:":"true", "version":"1704915640434"}}
{"logTime": "0225/235151", "correlationVector":"KvClBmR+4pBfogyzq3+ran.9","action":"GetUpdates", "result":"DeleteReceived", "context":{"id":"cb991b61-27cd-48cc-be03-276471c91160", "isDeleted:":"true", "version":"1704915641784"}}
{"logTime": "0225/235151", "correlationVector":"KvClBmR+4pBfogyzq3+ran.10","action":"GetUpdates", "result":"DeleteReceived", "context":{"id":"30add395-d890-41b2-8c78-7de0ea343c1d", "isDeleted:":"true", "version":"1704915643443"}}
{"logTime": "0225/235151", "correlationVector":"KvClBmR+4pBfogyzq3+ran.11","action":"GetUpdates", "result":"DeleteReceived", "context":{"id":"cfe8aafa-25d7-43be-9867-f4de88a58b72", "isDeleted:":"true", "version":"1704915644441"}}
{"logTime": "0225/235151", "correlationVector":"KvClBmR+4pBfogyzq3+ran.12","action":"GetUpdates", "result":"DeleteReceived", "context":{"id":"2a15f1e0-aa3f-4a98-8856-563a65c3b5f0", "isDeleted:":"true", "version":"1704915654230"}}
{"logTime": "0225/235151", "correlationVector":"KvClBmR+4pBfogyzq3+ran.13","action":"GetUpdates", "result":"DeleteReceived", "context":{"id":"7a947675-ece0-4b87-807c-9634cf31c5d3", "isDeleted:":"true", "version":"1704915656359"}}
{"logTime": "0225/235151", "correlationVector":"KvClBmR+4pBfogyzq3+ran.14","action":"GetUpdates", "result":"DeleteReceived", "context":{"id":"45864c98-9006-4ed2-b750-177e35c6df62", "isDeleted:":"true", "version":"1704915658121"}}
{"logTime": "0225/235151", "correlationVector":"KvClBmR+4pBfogyzq3+ran.15","action":"GetUpdates", "result":"DeleteReceived", "context":{"id":"882ca072-6b57-4ecd-994a-10c4996e6040", "isDeleted:":"true", "version":"1704915659675"}}
{"logTime": "0225/235151", "correlationVector":"KvClBmR+4pBfogyzq3+ran.16","action":"GetUpdates", "result":"DeleteReceived", "context":{"id":"d51b833a-9b9e-486b-a0c5-75198e0ecaac", "isDeleted:":"true", "version":"1704915660803"}}
{"logTime": "0225/235151", "correlationVector":"KvClBmR+4pBfogyzq3+ran.17","action":"GetUpdates", "result":"DeleteReceived", "context":{"id":"2e1422a0-9cc2-49ff-8ccf-ad6cd4f7cc8b", "isDeleted:":"true", "version":"1704915664314"}}
{"logTime": "0225/235151", "correlationVector":"KvClBmR+4pBfogyzq3+ran.18","action":"GetUpdates", "result":"DeleteReceived", "context":{"id":"07e40b6a-72d6-4ff5-a6db-977944a6727d", "isDeleted:":"true", "version":"1704915665427"}}
{"logTime": "0225/235151", "correlationVector":"KvClBmR+4pBfogyzq3+ran.19","action":"GetUpdates", "result":"DeleteReceived", "context":{"id":"edb9ed29-eb24-4865-a1e5-e4d9812ba441", "isDeleted:":"true", "version":"1704915666272"}}
{"logTime": "0225/235151", "correlationVector":"KvClBmR+4pBfogyzq3+ran.20","action":"GetUpdates", "result":"DeleteReceived", "context":{"id":"5acd07e6-0d6a-4294-9d60-5ce6e5ad8d27", "isDeleted:":"true", "version":"1704915667123"}}
{"logTime": "0225/235151", "correlationVector":"KvClBmR+4pBfogyzq3+ran.21","action":"GetUpdates", "result":"DeleteReceived", "context":{"id":"ec3b6630-e61d-4c1b-8791-64ebd5a5275b", "isDeleted:":"true", "version":"1704915668497"}}
{"logTime": "0225/235151", "correlationVector":"KvClBmR+4pBfogyzq3+ran.22","action":"GetUpdates", "result":"DeleteReceived", "context":{"id":"23f5108b-a406-47e9-a94e-dad8d484ec36", "isDeleted:":"true", "version":"1704915670272"}}
{"logTime": "0225/235151", "correlationVector":"KvClBmR+4pBfogyzq3+ran.23","action":"GetUpdates", "result":"DeleteReceived", "context":{"id":"83ae990e-e3d4-4acf-a780-0dabc46249a1", "isDeleted:":"true", "version":"1704915671837"}}
{"logTime": "0225/235151", "correlationVector":"KvClBmR+4pBfogyzq3+ran.24","action":"GetUpdates", "result":"DeleteReceived", "context":{"id":"ea7f33e3-e95f-4499-b731-d12530f14a83", "isDeleted:":"true", "version":"1704915673325"}}
{"logTime": "0225/235151", "correlationVector":"KvClBmR+4pBfogyzq3+ran.25","action":"GetUpdates", "result":"DeleteReceived", "context":{"id":"0166e97e-c883-4c6d-99ff-add49f5e1aa9", "isDeleted:":"true", "version":"1704915674831"}}
{"logTime": "0225/235151", "correlationVector":"KvClBmR+4pBfogyzq3+ran.26","action":"GetUpdates", "result":"DeleteReceived", "context":{"id":"43f82959-3525-4f0d-bfc6-86723311e598", "isDeleted:":"true", "version":"1704915676279"}}
{"logTime": "0225/235151", "correlationVector":"KvClBmR+4pBfogyzq3+ran.27","action":"GetUpdates", "result":"DeleteReceived", "context":{"id":"f8b67f40-3251-472f-a8e5-a76b35f188da", "isDeleted:":"true", "version":"1704915678368"}}
{"logTime": "0225/235151", "correlationVector":"KvClBmR+4pBfogyzq3+ran.28","action":"GetUpdates", "result":"DeleteReceived", "context":{"id":"3b615991-bfaf-4ba6-b345-10e3d282ffa5", "isDeleted:":"true", "version":"1704915679797"}}
{"logTime": "0225/235151", "correlationVector":"KvClBmR+4pBfogyzq3+ran.29","action":"GetUpdates", "result":"DeleteReceived", "context":{"id":"cf4135e1-eb9b-47b0-9cbc-07d318a82655", "isDeleted:":"true", "version":"1704915681066"}}
{"logTime": "0225/235151", "correlationVector":"KvClBmR+4pBfogyzq3+ran.30","action":"GetUpdates", "result":"DeleteReceived", "context":{"id":"130ad8fd-6d0c-453a-a034-0b290e1de455", "isDeleted:":"true", "version":"1704915684149"}}
{"logTime": "0225/235151", "correlationVector":"KvClBmR+4pBfogyzq3+ran.31","action":"GetUpdates", "result":"DeleteReceived", "context":{"id":"0227b29b-fce6-460b-a844-d830a5118550", "isDeleted:":"true", "version":"1704915689582"}}
{"logTime": "0225/235151", "correlationVector":"KvClBmR+4pBfogyzq3+ran.32","action":"GetUpdates", "result":"DeleteReceived", "context":{"id":"0adee22d-6562-48ed-b45b-1cca74daa427", "isDeleted:":"true", "version":"1704915691228"}}
{"logTime": "0225/235151", "correlationVector":"KvClBmR+4pBfogyzq3+ran.33","action":"GetUpdates", "result":"DeleteReceived", "context":{"id":"405da9c2-88ba-461a-a78a-b9a77ec779bd", "isDeleted:":"true", "version":"1704915692724"}}
{"logTime": "0225/235151", "correlationVector":"KvClBmR+4pBfogyzq3+ran.34","action":"GetUpdates", "result":"DeleteReceived", "context":{"id":"0c510966-22da-45a5-bb14-c660571e42af", "isDeleted:":"true", "version":"1704915694045"}}
{"logTime": "0225/235151", "correlationVector":"KvClBmR+4pBfogyzq3+ran.35","action":"GetUpdates", "result":"DeleteReceived", "context":{"id":"441f3b04-4905-4e25-bcfc-5c5eca1f2c89", "isDeleted:":"true", "version":"1704915710369"}}
{"logTime": "0225/235151", "correlationVector":"KvClBmR+4pBfogyzq3+ran.36","action":"GetUpdates", "result":"DeleteReceived", "context":{"id":"db9d4ce6-e7c1-4d13-a104-9482186894f3", "isDeleted:":"true", "version":"1704915712379"}}
{"logTime": "0225/235151", "correlationVector":"KvClBmR+4pBfogyzq3+ran.37","action":"GetUpdates", "result":"DeleteReceived", "context":{"id":"0a727d97-71e1-4f15-9a17-f4e5caa70c5d", "isDeleted:":"true", "version":"1704915713675"}}
{"logTime": "0225/235151", "correlationVector":"KvClBmR+4pBfogyzq3+ran.38","action":"GetUpdates", "result":"DeleteReceived", "context":{"id":"fd703181-880e-40b3-b671-2bb236e98065", "isDeleted:":"true", "version":"1704915714745"}}
{"logTime": "0225/235151", "correlationVector":"KvClBmR+4pBfogyzq3+ran.39","action":"GetUpdates", "result":"DeleteReceived", "context":{"id":"2c6126a7-d2a0-496e-9783-b44741f01f73", "isDeleted:":"true", "version":"1704915719384"}}
{"logTime": "0225/235151", "correlationVector":"KvClBmR+4pBfogyzq3+ran.40","action":"GetUpdates", "result":"DeleteReceived", "context":{"id":"9a73fe7a-8372-433c-a12a-d75a21269cff", "isDeleted:":"true", "version":"1704915720682"}}
{"logTime": "0225/235151", "correlationVector":"KvClBmR+4pBfogyzq3+ran.41","action":"GetUpdates", "result":"DeleteReceived", "context":{"id":"a3e878ce-4ccb-4dec-91e5-c769824686d9", "isDeleted:":"true", "version":"1704915721266"}}
{"logTime": "0225/235151", "correlationVector":"KvClBmR+4pBfogyzq3+ran.42","action":"GetUpdates", "result":"DeleteReceived", "context":{"id":"52b68e9f-b932-4ca8-b7d4-e69d323abc29", "isDeleted:":"true", "version":"1704915721840"}}
{"logTime": "0225/235151", "correlationVector":"KvClBmR+4pBfogyzq3+ran.43","action":"GetUpdates", "result":"DeleteReceived", "context":{"id":"89c30b3e-2f2a-48ef-88e9-00b3440e2b31", "isDeleted:":"true", "version":"1704915722256"}}
{"logTime": "0225/235151", "correlationVector":"KvClBmR+4pBfogyzq3+ran.44","action":"GetUpdates", "result":"DeleteReceived", "context":{"id":"e7be79b8-219f-4890-8180-e9f92eb777ee", "isDeleted:":"true", "version":"1704915722987"}}
{"logTime": "0225/235151", "correlationVector":"KvClBmR+4pBfogyzq3+ran.45","action":"GetUpdates", "result":"DeleteReceived", "context":{"id":"5d4fd7ae-e709-418c-854a-5da373fd4554", "isDeleted:":"true", "version":"1704915723845"}}
{"logTime": "0225/235151", "correlationVector":"KvClBmR+4pBfogyzq3+ran.46","action":"GetUpdates", "result":"DeleteReceived", "context":{"id":"860d248c-533f-44c1-82ba-2e38f1ea1c3f", "isDeleted:":"true", "version":"1704915725601"}}
{"logTime": "0225/235151", "correlationVector":"KvClBmR+4pBfogyzq3+ran.47","action":"GetUpdates", "result":"DeleteReceived", "context":{"id":"19ebb217-9d17-4eda-8b3d-79c0e5631ede", "isDeleted:":"true", "version":"1704915726841"}}
{"logTime": "0225/235151", "correlationVector":"KvClBmR+4pBfogyzq3+ran.48","action":"GetUpdates", "result":"DeleteReceived", "context":{"id":"bf9acceb-17a1-4236-b971-22e2d42d8679", "isDeleted:":"true", "version":"1704915728641"}}
{"logTime": "0225/235151", "correlationVector":"KvClBmR+4pBfogyzq3+ran.49","action":"GetUpdates", "result":"DeleteReceived", "context":{"id":"6d0605ce-7b04-460d-ac52-af37150834d3", "isDeleted:":"true", "version":"1704915729271"}}
{"logTime": "0225/235151", "correlationVector":"KvClBmR+4pBfogyzq3+ran.50","action":"GetUpdates", "result":"DeleteReceived", "context":{"id":"93ee5c07-69d0-47be-9d34-8884bd0da017", "isDeleted:":"true", "version":"1704915730345"}}
{"logTime": "0225/235151", "correlationVector":"KvClBmR+4pBfogyzq3+ran.51","action":"GetUpdates", "result":"DeleteReceived", "context":{"id":"b00ccd53-0acf-4f5e-992c-47ab2e55e11c", "isDeleted:":"true", "version":"1704915731013"}}
{"logTime": "0225/235151", "correlationVector":"KvClBmR+4pBfogyzq3+ran.52","action":"GetUpdates", "result":"DeleteReceived", "context":{"id":"4cd78664-94a3-4da8-a0e3-eaff16e5b109", "isDeleted:":"true", "version":"1704915732149"}}
{"logTime": "0225/235151", "correlationVector":"KvClBmR+4pBfogyzq3+ran.53","action":"GetUpdates", "result":"DeleteReceived", "context":{"id":"8f7ee039-db73-4686-aa19-27e090f1e5d8", "isDeleted:":"true", "version":"1704915732150"}}
{"logTime": "0225/235151", "correlationVector":"KvClBmR+4pBfogyzq3+ran.54","action":"GetUpdates", "result":"DeleteReceived", "context":{"id":"e3a6053b-c953-4709-9c4d-3810115d75e0", "isDeleted:":"true", "version":"1704915732630"}}
{"logTime": "0225/235151", "correlationVector":"KvClBmR+4pBfogyzq3+ran.55","action":"GetUpdates", "result":"DeleteReceived", "context":{"id":"458f65c6-3d72-4fa1-8f49-8918f86337bb", "isDeleted:":"true", "version":"1704915732631"}}
{"logTime": "0225/235151", "correlationVector":"KvClBmR+4pBfogyzq3+ran.56","action":"GetUpdates", "result":"DeleteReceived", "context":{"id":"c0196122-3833-435a-846b-c789fff03e87", "isDeleted:":"true", "version":"1704915733134"}}
{"logTime": "0225/235151", "correlationVector":"KvClBmR+4pBfogyzq3+ran.57","action":"GetUpdates", "result":"DeleteReceived", "context":{"id":"6888be69-aa0a-4e03-994f-b5c3ecc0609e", "isDeleted:":"true", "version":"1704915733135"}}
{"logTime": "0225/235151", "correlationVector":"KvClBmR+4pBfogyzq3+ran.58","action":"GetUpdates", "result":"DeleteReceived", "context":{"id":"ab353ff5-7374-4473-8913-195ca1a6f587", "isDeleted:":"true", "version":"1704915733136"}}
{"logTime": "0225/235151", "correlationVector":"KvClBmR+4pBfogyzq3+ran.59","action":"GetUpdates", "result":"DeleteReceived", "context":{"id":"b7358c1b-fcfc-4d94-8b8f-771e05bc2253", "isDeleted:":"true", "version":"1704915733678"}}
{"logTime": "0225/235151", "correlationVector":"KvClBmR+4pBfogyzq3+ran.60","action":"GetUpdates", "result":"DeleteReceived", "context":{"id":"670e598a-71b7-4a0c-a249-79f5df9aa549", "isDeleted:":"true", "version":"1704915733679"}}
{"logTime": "0225/235151", "correlationVector":"KvClBmR+4pBfogyzq3+ran.61","action":"GetUpdates", "result":"DeleteReceived", "context":{"id":"b149573d-260d-453c-8b08-760c0e7908f3", "isDeleted:":"true", "version":"1704915734579"}}
{"logTime": "0225/235151", "correlationVector":"KvClBmR+4pBfogyzq3+ran.62","action":"GetUpdates", "result":"DeleteReceived", "context":{"id":"e82e8987-3214-4168-8643-2a366cb32a13", "isDeleted:":"true", "version":"1704915735988"}}
{"logTime": "0225/235151", "correlationVector":"KvClBmR+4pBfogyzq3+ran.63","action":"GetUpdates", "result":"DeleteReceived", "context":{"id":"4ed850fa-a368-49f5-bb20-580ffed4e74b", "isDeleted:":"true", "version":"1704915736431"}}
{"logTime": "0225/235151", "correlationVector":"KvClBmR+4pBfogyzq3+ran.64","action":"GetUpdates", "result":"DeleteReceived", "context":{"id":"f5f37113-4a70-47a2-9f22-58a440c18b5b", "isDeleted:":"true", "version":"1704915736432"}}
{"logTime": "0225/235151", "correlationVector":"KvClBmR+4pBfogyzq3+ran.65","action":"GetUpdates", "result":"DeleteReceived", "context":{"id":"30ce57c6-3dd2-4992-b951-81dd0fbf7762", "isDeleted:":"true", "version":"1704915737260"}}
{"logTime": "0225/235151", "correlationVector":"KvClBmR+4pBfogyzq3+ran.66","action":"GetUpdates", "result":"DeleteReceived", "context":{"id":"67b6db57-9361-4376-972f-345d1143627b", "isDeleted:":"true", "version":"1704915738520"}}
{"logTime": "0225/235151", "correlationVector":"KvClBmR+4pBfogyzq3+ran.67","action":"GetUpdates", "result":"DeleteReceived", "context":{"id":"2a5339d5-529a-4551-8fe8-08ec8ea1e9ec", "isDeleted:":"true", "version":"1704915739372"}}
{"logTime": "0225/235151", "correlationVector":"KvClBmR+4pBfogyzq3+ran.68","action":"GetUpdates", "result":"DeleteReceived", "context":{"id":"694668ce-c79b-49a7-9a26-2bef1c9b4709", "isDeleted:":"true", "version":"1704915740879"}}
{"logTime": "0225/235151", "correlationVector":"KvClBmR+4pBfogyzq3+ran.69","action":"GetUpdates", "result":"DeleteReceived", "context":{"id":"9ede1c0c-b489-4f95-a66b-d7e82d0e2f70", "isDeleted:":"true", "version":"1704915740880"}}
{"logTime": "0225/235151", "correlationVector":"KvClBmR+4pBfogyzq3+ran.70","action":"GetUpdates", "result":"DeleteReceived", "context":{"id":"362158bb-2042-45d7-9922-2b1eb86dd655", "isDeleted:":"true", "version":"1704915741367"}}
{"logTime": "0225/235151", "correlationVector":"KvClBmR+4pBfogyzq3+ran.71","action":"GetUpdates", "result":"DeleteReceived", "context":{"id":"f2781f47-b6da-412c-9ca9-1a71f0c90d34", "isDeleted:":"true", "version":"1704915741368"}}
{"logTime": "0225/235151", "correlationVector":"KvClBmR+4pBfogyzq3+ran.72","action":"GetUpdates", "result":"DeleteReceived", "context":{"id":"7a1ef73d-3022-4850-9c53-c6d965aa6343", "isDeleted:":"true", "version":"1704915741369"}}
{"logTime": "0225/235151", "correlationVector":"KvClBmR+4pBfogyzq3+ran.73","action":"GetUpdates", "result":"DeleteReceived", "context":{"id":"976a671a-2c2a-4d0a-94c7-ad0ecbe6aa33", "isDeleted:":"true", "version":"1704915741871"}}
{"logTime": "0225/235151", "correlationVector":"KvClBmR+4pBfogyzq3+ran.74","action":"GetUpdates", "result":"DeleteReceived", "context":{"id":"c6ab9597-6f8b-4548-b561-13213fe367c1", "isDeleted:":"true", "version":"1704915741872"}}
{"logTime": "0225/235151", "correlationVector":"KvClBmR+4pBfogyzq3+ran.75","action":"GetUpdates", "result":"DeleteReceived", "context":{"id":"cc1d2b2f-e61e-4146-af55-4a9aec181444", "isDeleted:":"true", "version":"1704915741873"}}
{"logTime": "0225/235151", "correlationVector":"KvClBmR+4pBfogyzq3+ran.76","action":"GetUpdates", "result":"DeleteReceived", "context":{"id":"b3bd4d49-b2f5-4393-a12e-bf474c30fd9b", "isDeleted:":"true", "version":"1704915742767"}}
{"logTime": "0225/235151", "correlationVector":"KvClBmR+4pBfogyzq3+ran.77","action":"GetUpdates", "result":"DeleteReceived", "context":{"id":"0168ee5e-5569-47eb-aeaa-f661a2942485", "isDeleted:":"true", "version":"1704915743699"}}
{"logTime": "0225/235151", "correlationVector":"KvClBmR+4pBfogyzq3+ran.78","action":"GetUpdates", "result":"DeleteReceived", "context":{"id":"8de987ec-283e-4c6c-a699-e2c05c82d55f", "isDeleted:":"true", "version":"1704915744369"}}
{"logTime": "0225/235151", "correlationVector":"KvClBmR+4pBfogyzq3+ran.79","action":"GetUpdates", "result":"DeleteReceived", "context":{"id":"655689d3-b0cd-40a7-ad65-0e2488234d95", "isDeleted:":"true", "version":"1704915745642"}}
{"logTime": "0225/235151", "correlationVector":"KvClBmR+4pBfogyzq3+ran.80","action":"GetUpdates", "result":"DeleteReceived", "context":{"id":"f4ab2177-1e78-4cf1-969c-64ea3264fc6a", "isDeleted:":"true", "version":"1704915746747"}}
{"logTime": "0225/235151", "correlationVector":"KvClBmR+4pBfogyzq3+ran.81","action":"GetUpdates", "result":"DeleteReceived", "context":{"id":"2e1f7bd6-396f-4c77-80bf-a920fae7acc1", "isDeleted:":"true", "version":"1704915768963"}}
{"logTime": "0225/235151", "correlationVector":"KvClBmR+4pBfogyzq3+ran.82","action":"GetUpdates", "result":"DeleteReceived", "context":{"id":"ffc2c870-058a-42aa-ba34-730ebfab837a", "isDeleted:":"true", "version":"1704915770928"}}
{"logTime": "0225/235151", "correlationVector":"KvClBmR+4pBfogyzq3+ran.83","action":"GetUpdates", "result":"DeleteReceived", "context":{"id":"e0142cc1-7dc7-472c-9041-04cdbeef6249", "isDeleted:":"true", "version":"1704915771770"}}
{"logTime": "0225/235151", "correlationVector":"KvClBmR+4pBfogyzq3+ran.84","action":"GetUpdates", "result":"DeleteReceived", "context":{"id":"58016225-7f32-4813-8b0b-5b19941fb47e", "isDeleted:":"true", "version":"1704915772752"}}
{"logTime": "0225/235151", "correlationVector":"KvClBmR+4pBfogyzq3+ran.85","action":"GetUpdates", "result":"DeleteReceived", "context":{"id":"1792b01b-6987-4be5-b55a-b695a580a161", "isDeleted:":"true", "version":"1704915774004"}}
{"logTime": "0225/235151", "correlationVector":"KvClBmR+4pBfogyzq3+ran.86","action":"GetUpdates", "result":"DeleteReceived", "context":{"id":"69f8da74-a5d7-4223-aa29-cb006928447b", "isDeleted:":"true", "version":"1704915775704"}}
{"logTime": "0225/235151", "correlationVector":"KvClBmR+4pBfogyzq3+ran.87","action":"GetUpdates", "result":"DeleteReceived", "context":{"id":"e8ad58a1-f47e-44fe-976d-4920271917af", "isDeleted:":"true", "version":"1704915776852"}}
{"logTime": "0225/235151", "correlationVector":"KvClBmR+4pBfogyzq3+ran.88","action":"GetUpdates", "result":"DeleteReceived", "context":{"id":"8519cd4e-5da0-456e-9605-fafecc11f694", "isDeleted:":"true", "version":"1704915777752"}}
{"logTime": "0225/235151", "correlationVector":"KvClBmR+4pBfogyzq3+ran.89","action":"GetUpdates", "result":"DeleteReceived", "context":{"id":"f5653257-6bd0-4416-b27c-0cb0ce05620f", "isDeleted:":"true", "version":"1704915780037"}}
{"logTime": "0225/235151", "correlationVector":"KvClBmR+4pBfogyzq3+ran.90","action":"GetUpdates", "result":"DeleteReceived", "context":{"id":"4f67073f-ab30-4c64-9502-2e943877bddf", "isDeleted:":"true", "version":"1704915781748"}}
{"logTime": "0225/235151", "correlationVector":"KvClBmR+4pBfogyzq3+ran.91","action":"GetUpdates", "result":"DeleteReceived", "context":{"id":"add5de9e-6c51-4e5d-9d8c-c03136bb6c82", "isDeleted:":"true", "version":"1704915783344"}}
{"logTime": "0225/235151", "correlationVector":"KvClBmR+4pBfogyzq3+ran.92","action":"GetUpdates", "result":"DeleteReceived", "context":{"id":"b8950eba-4f3e-4b82-888e-bbe7b58cb7e8", "isDeleted:":"true", "version":"1704915784695"}}
{"logTime": "0225/235151", "correlationVector":"KvClBmR+4pBfogyzq3+ran.93","action":"GetUpdates", "result":"DeleteReceived", "context":{"id":"0f6f331e-f9a5-4e5f-b247-8be889f6da1e", "isDeleted:":"true", "version":"1704915787715"}}
{"logTime": "0225/235151", "correlationVector":"KvClBmR+4pBfogyzq3+ran.94","action":"GetUpdates", "result":"DeleteReceived", "context":{"id":"fbfb3f15-6937-4fc3-acc3-022168d8acf8", "isDeleted:":"true", "version":"1704915789496"}}
{"logTime": "0225/235151", "correlationVector":"KvClBmR+4pBfogyzq3+ran.95","action":"GetUpdates", "result":"DeleteReceived", "context":{"id":"d25cdab1-107a-4bd6-8bc1-e032af8dae81", "isDeleted:":"true", "version":"1704915791019"}}
{"logTime": "0225/235151", "correlationVector":"KvClBmR+4pBfogyzq3+ran.96","action":"GetUpdates", "result":"DeleteReceived", "context":{"id":"1c988f7c-8c47-472f-819a-fa4660198ad0", "isDeleted:":"true", "version":"1704915794837"}}
{"logTime": "0225/235151", "correlationVector":"KvClBmR+4pBfogyzq3+ran.97","action":"GetUpdates Response", "result":"SERVER_MORE_TO_DOWNLOAD", "context":Received 250 update(s).  Some updates remain.}
{"logTime": "0225/235151", "correlationVector":"ADbIsqYqToWdAlduUf2WOD","action":"Initial GetUpdates", "result":"", "context":Reason: NEWLY_SUPPORTED_DATATYPE. cV=ADbIsqYqToWdAlduUf2WOD}
{"logTime": "0225/235151", "correlationVector":"ADbIsqYqToWdAlduUf2WOD.1","action":"SyncServerConnectionManagerRequest", "result":"SYNC_SERVER_OK", "context":{"environment":"Prod_WestEurope_000l", "migrationStage":"NotStarted", "server":"GENERAL0100000X"}}
{"logTime": "0225/235151", "correlationVector":"ADbIsqYqToWdAlduUf2WOD.2","action":"GetUpdates Response", "result":"SYNCER_OK", "context":Received 69 update(s). cV=ADbIsqYqToWdAlduUf2WOD.0;server=GENERAL0100000X;cloudType=Consumer;environment=Prod_WestEurope_000l;migrationStage=NotStarted}
{"logTime": "0225/235151", "correlationVector":"nD6gqydmCQbYLe84DQ2Jtd","action":"SyncServerConnectionManagerRequest", "result":"SYNC_SERVER_OK", "context":{"environment":"", "migrationStage":"", "server":""}}
{"logTime": "0225/235151", "correlationVector":"gDo6ULbUaAGaIjiPzqvyVe","action":"Normal GetUpdate request", "result":"", "context":cV=gDo6ULbUaAGaIjiPzqvyVe
Nudged types: Preferences, Sessions
Refresh requested types: Bookmarks, Preferences, Passwords, Autofill Profiles, Autofill, Typed URLs, Extensions, Sessions, Extension settings, History Delete Directives, Device Info, User Consents, Send Tab To Self, Web Apps, Collection, Edge E Drop, Edge Hub App Usage, Edge Wallet, Encryption Keys}
{"logTime": "0225/235151", "correlationVector":"gDo6ULbUaAGaIjiPzqvyVe.1","action":"SyncServerConnectionManagerRequest", "result":"SYNC_SERVER_OK", "context":{"environment":"Prod_WestEurope_000l", "migrationStage":"NotStarted", "server":"GENERAL0300003B"}}
{"logTime": "0225/235151", "correlationVector":"gDo6ULbUaAGaIjiPzqvyVe.2","action":"GetUpdates Response", "result":"SYNCER_OK", "context":Received 0 update(s). cV=gDo6ULbUaAGaIjiPzqvyVe.0;server=GENERAL0300003B;cloudType=Consumer;environment=Prod_WestEurope_000l;migrationStage=NotStarted}
{"logTime": "0225/235151", "correlationVector":"OyrCp41IA+m1SaOo0AZw0H","action":"Commit Request", "result":"", "context":Item count: 4
Contributing types: Preferences, Sessions}
{"logTime": "0225/235151", "correlationVector":"OyrCp41IA+m1SaOo0AZw0H.1","action":"SyncServerConnectionManagerRequest", "result":"SYNC_SERVER_OK", "context":{"environment":"Prod_WestEurope_000l", "migrationStage":"NotStarted", "server":"GENERAL0300003M"}}
{"logTime": "0225/235151", "correlationVector":"OyrCp41IA+m1SaOo0AZw0H.2","action":"Commit Response", "result":"SYNCER_OK", "context":Result: SYNCER_OK. cV=OyrCp41IA+m1SaOo0AZw0H.0;server=GENERAL0300003M;cloudType=Consumer;environment=Prod_WestEurope_000l;migrationStage=NotStarted}
{"logTime": "0225/235151", "correlationVector":"QxKEDXr9H4jm1/8K/eaEA9","action":"Normal GetUpdate request", "result":"", "context":cV=QxKEDXr9H4jm1/8K/eaEA9
Nudged types: Preferences, Sessions
Refresh requested types: Bookmarks, Preferences, Passwords, Autofill Profiles, Autofill, Typed URLs, Extensions, Sessions, Extension settings, History Delete Directives, Device Info, User Consents, Send Tab To Self, Web Apps, Collection, Edge E Drop, Edge Hub App Usage, Edge Wallet, Encryption Keys}
{"logTime": "0225/235151", "correlationVector":"QxKEDXr9H4jm1/8K/eaEA9.1","action":"SyncServerConnectionManagerRequest", "result":"SYNC_SERVER_OK", "context":{"environment":"Prod_WestEurope_000l", "migrationStage":"NotStarted", "server":"GENERAL0300002Q"}}
{"logTime": "0225/235151", "correlationVector":"QxKEDXr9H4jm1/8K/eaEA9.2","action":"GetUpdates Response", "result":"SYNCER_OK", "context":Received 4 update(s). cV=QxKEDXr9H4jm1/8K/eaEA9.0;server=GENERAL0300002Q;cloudType=Consumer;environment=Prod_WestEurope_000l;migrationStage=NotStarted}
{"logTime": "0225/235216", "correlationVector":"WZSfvAxpAi3d1+7k406hTw","action":"Commit Request", "result":"", "context":Item count: 3
Contributing types: Preferences, Sessions}
{"logTime": "0225/235216", "correlationVector":"WZSfvAxpAi3d1+7k406hTw.1","action":"SyncServerConnectionManagerRequest", "result":"SYNC_SERVER_OK", "context":{"environment":"Prod_WestEurope_000l", "migrationStage":"NotStarted", "server":"GENERAL01000022"}}
{"logTime": "0225/235216", "correlationVector":"WZSfvAxpAi3d1+7k406hTw.2","action":"Commit Response", "result":"SYNCER_OK", "context":Result: SYNCER_OK. cV=WZSfvAxpAi3d1+7k406hTw.0;server=GENERAL01000022;cloudType=Consumer;environment=Prod_WestEurope_000l;migrationStage=NotStarted}
{"logTime": "0225/235216", "correlationVector":"WZSfvAxpAi3d1+7k406hTw.3","action":"Commit.Sessions", "result":"Success", "context":{"id":"df2caa1a-86da-4e77-bf79-2089be900d36", "isDeleted":"true", "size":"0", "version":"1708905105700"}}
{"logTime": "0225/235246", "correlationVector":"O/a2GugEznXUc8hMCs8eeV","action":"Commit Request", "result":"", "context":Item count: 1
Contributing types: Sessions}
{"logTime": "0225/235246", "correlationVector":"O/a2GugEznXUc8hMCs8eeV.1","action":"SyncServerConnectionManagerRequest", "result":"SYNC_SERVER_OK", "context":{"environment":"Prod_WestEurope_000l", "migrationStage":"NotStarted", "server":"GENERAL0100000X"}}
{"logTime": "0225/235246", "correlationVector":"O/a2GugEznXUc8hMCs8eeV.2","action":"Commit Response", "result":"SYNCER_OK", "context":Result: SYNCER_OK. cV=O/a2GugEznXUc8hMCs8eeV.0;server=GENERAL0100000X;cloudType=Consumer;environment=Prod_WestEurope_000l;migrationStage=NotStarted}
{"logTime": "0225/235346", "correlationVector":"2M8IKWnh3ZwlQ6v9j630aL.1","action":"SyncServerConnectionManagerRequest", "result":"SYNC_SERVER_OK", "context":{"environment":"Prod_WestEurope_000l", "migrationStage":"NotStarted", "server":"GENERAL01000019"}}
{"logTime": "0225/235346", "correlationVector":"2M8IKWnh3ZwlQ6v9j630aL","action":"Initial GetUpdates", "result":"", "context":Reason: NEW_CLIENT. cV=2M8IKWnh3ZwlQ6v9j630aL}
{"logTime": "0225/235346", "correlationVector":"2M8IKWnh3ZwlQ6v9j630aL.2","action":"GetUpdates Response", "result":"SYNCER_OK", "context":Received 1 update(s). cV=2M8IKWnh3ZwlQ6v9j630aL.0;server=GENERAL01000019;cloudType=Consumer;environment=Prod_WestEurope_000l;migrationStage=NotStarted}
{"logTime": "0225/235346", "correlationVector":"VyCFw4PNgZuNoSrqKqaGfe","action":"SyncServerConnectionManagerRequest", "result":"SYNC_SERVER_OK", "context":{"environment":"", "migrationStage":"", "server":""}}
{"logTime": "0225/235346", "correlationVector":"XIS+nnbC2q+rm+s5qpwOy6","action":"Initial GetUpdates", "result":"", "context":Reason: NEWLY_SUPPORTED_DATATYPE. cV=XIS+nnbC2q+rm+s5qpwOy6}
{"logTime": "0225/235346", "correlationVector":"XIS+nnbC2q+rm+s5qpwOy6.1","action":"SyncServerConnectionManagerRequest", "result":"SYNC_SERVER_OK", "context":{"environment":"Prod_WestEurope_000l", "migrationStage":"NotStarted", "server":"GENERAL01000015"}}
{"logTime": "0225/235346", "correlationVector":"XIS+nnbC2q+rm+s5qpwOy6.2","action":"GetUpdates", "result":"DeleteReceived", "context":{"id":"5378a053-8808-4fdd-ad02-f170937116c1", "isDeleted:":"true", "version":"1680693947263"}}
{"logTime": "0225/235346", "correlationVector":"XIS+nnbC2q+rm+s5qpwOy6.3","action":"GetUpdates", "result":"DeleteReceived", "context":{"id":"60f8353c-cab6-46bf-a91d-c8864999d997", "isDeleted:":"true", "version":"1680693948430"}}
{"logTime": "0225/235346", "correlationVector":"XIS+nnbC2q+rm+s5qpwOy6.4","action":"GetUpdates", "result":"DeleteReceived", "context":{"id":"bfda4722-2451-44d2-a891-39d1bd0a3177", "isDeleted:":"true", "version":"1680693948904"}}
{"logTime": "0225/235346", "correlationVector":"XIS+nnbC2q+rm+s5qpwOy6.5","action":"GetUpdates", "result":"DeleteReceived", "context":{"id":"aa81c26d-5733-4729-b101-574645a0a6e1", "isDeleted:":"true", "version":"1680693955272"}}
{"logTime": "0225/235346", "correlationVector":"XIS+nnbC2q+rm+s5qpwOy6.6","action":"GetUpdates", "result":"DeleteReceived", "context":{"id":"f684ffc7-a672-4a3d-bae7-ca76cbb43ded", "isDeleted:":"true", "version":"1680693956414"}}
{"logTime": "0225/235346", "correlationVector":"XIS+nnbC2q+rm+s5qpwOy6.7","action":"GetUpdates", "result":"DeleteReceived", "context":{"id":"61b41939-db3b-4306-b24a-1e85c8ac3af6", "isDeleted:":"true", "version":"1680693980764"}}
{"logTime": "0225/235346", "correlationVector":"XIS+nnbC2q+rm+s5qpwOy6.8","action":"GetUpdates", "result":"DeleteReceived", "context":{"id":"c7100751-16c5-4946-9c62-f93f2bdff237", "isDeleted:":"true", "version":"1704915640434"}}
{"logTime": "0225/235346", "correlationVector":"XIS+nnbC2q+rm+s5qpwOy6.9","action":"GetUpdates", "result":"DeleteReceived", "context":{"id":"cb991b61-27cd-48cc-be03-276471c91160", "isDeleted:":"true", "version":"1704915641784"}}
{"logTime": "0225/235346", "correlationVector":"XIS+nnbC2q+rm+s5qpwOy6.10","action":"GetUpdates", "result":"DeleteReceived", "context":{"id":"30add395-d890-41b2-8c78-7de0ea343c1d", "isDeleted:":"true", "version":"1704915643443"}}
{"logTime": "0225/235346", "correlationVector":"XIS+nnbC2q+rm+s5qpwOy6.11","action":"GetUpdates", "result":"DeleteReceived", "context":{"id":"cfe8aafa-25d7-43be-9867-f4de88a58b72", "isDeleted:":"true", "version":"1704915644441"}}
{"logTime": "0225/235346", "correlationVector":"XIS+nnbC2q+rm+s5qpwOy6.12","action":"GetUpdates", "result":"DeleteReceived", "context":{"id":"2a15f1e0-aa3f-4a98-8856-563a65c3b5f0", "isDeleted:":"true", "version":"1704915654230"}}
{"logTime": "0225/235346", "correlationVector":"XIS+nnbC2q+rm+s5qpwOy6.13","action":"GetUpdates", "result":"DeleteReceived", "context":{"id":"7a947675-ece0-4b87-807c-9634cf31c5d3", "isDeleted:":"true", "version":"1704915656359"}}
{"logTime": "0225/235346", "correlationVector":"XIS+nnbC2q+rm+s5qpwOy6.14","action":"GetUpdates", "result":"DeleteReceived", "context":{"id":"45864c98-9006-4ed2-b750-177e35c6df62", "isDeleted:":"true", "version":"1704915658121"}}
{"logTime": "0225/235346", "correlationVector":"XIS+nnbC2q+rm+s5qpwOy6.15","action":"GetUpdates", "result":"DeleteReceived", "context":{"id":"882ca072-6b57-4ecd-994a-10c4996e6040", "isDeleted:":"true", "version":"1704915659675"}}
{"logTime": "0225/235346", "correlationVector":"XIS+nnbC2q+rm+s5qpwOy6.16","action":"GetUpdates", "result":"DeleteReceived", "context":{"id":"d51b833a-9b9e-486b-a0c5-75198e0ecaac", "isDeleted:":"true", "version":"1704915660803"}}
{"logTime": "0225/235346", "correlationVector":"XIS+nnbC2q+rm+s5qpwOy6.17","action":"GetUpdates", "result":"DeleteReceived", "context":{"id":"2e1422a0-9cc2-49ff-8ccf-ad6cd4f7cc8b", "isDeleted:":"true", "version":"1704915664314"}}
{"logTime": "0225/235346", "correlationVector":"XIS+nnbC2q+rm+s5qpwOy6.18","action":"GetUpdates", "result":"DeleteReceived", "context":{"id":"07e40b6a-72d6-4ff5-a6db-977944a6727d", "isDeleted:":"true", "version":"1704915665427"}}
{"logTime": "0225/235346", "correlationVector":"XIS+nnbC2q+rm+s5qpwOy6.19","action":"GetUpdates", "result":"DeleteReceived", "context":{"id":"edb9ed29-eb24-4865-a1e5-e4d9812ba441", "isDeleted:":"true", "version":"1704915666272"}}
{"logTime": "0225/235346", "correlationVector":"XIS+nnbC2q+rm+s5qpwOy6.20","action":"GetUpdates", "result":"DeleteReceived", "context":{"id":"5acd07e6-0d6a-4294-9d60-5ce6e5ad8d27", "isDeleted:":"true", "version":"1704915667123"}}
{"logTime": "0225/235346", "correlationVector":"XIS+nnbC2q+rm+s5qpwOy6.21","action":"GetUpdates", "result":"DeleteReceived", "context":{"id":"ec3b6630-e61d-4c1b-8791-64ebd5a5275b", "isDeleted:":"true", "version":"1704915668497"}}
{"logTime": "0225/235346", "correlationVector":"XIS+nnbC2q+rm+s5qpwOy6.22","action":"GetUpdates", "result":"DeleteReceived", "context":{"id":"23f5108b-a406-47e9-a94e-dad8d484ec36", "isDeleted:":"true", "version":"1704915670272"}}
{"logTime": "0225/235346", "correlationVector":"XIS+nnbC2q+rm+s5qpwOy6.23","action":"GetUpdates", "result":"DeleteReceived", "context":{"id":"83ae990e-e3d4-4acf-a780-0dabc46249a1", "isDeleted:":"true", "version":"1704915671837"}}
{"logTime": "0225/235346", "correlationVector":"XIS+nnbC2q+rm+s5qpwOy6.24","action":"GetUpdates", "result":"DeleteReceived", "context":{"id":"ea7f33e3-e95f-4499-b731-d12530f14a83", "isDeleted:":"true", "version":"1704915673325"}}
{"logTime": "0225/235346", "correlationVector":"XIS+nnbC2q+rm+s5qpwOy6.25","action":"GetUpdates", "result":"DeleteReceived", "context":{"id":"0166e97e-c883-4c6d-99ff-add49f5e1aa9", "isDeleted:":"true", "version":"1704915674831"}}
{"logTime": "0225/235346", "correlationVector":"XIS+nnbC2q+rm+s5qpwOy6.26","action":"GetUpdates", "result":"DeleteReceived", "context":{"id":"43f82959-3525-4f0d-bfc6-86723311e598", "isDeleted:":"true", "version":"1704915676279"}}
{"logTime": "0225/235346", "correlationVector":"XIS+nnbC2q+rm+s5qpwOy6.27","action":"GetUpdates", "result":"DeleteReceived", "context":{"id":"f8b67f40-3251-472f-a8e5-a76b35f188da", "isDeleted:":"true", "version":"1704915678368"}}
{"logTime": "0225/235346", "correlationVector":"XIS+nnbC2q+rm+s5qpwOy6.28","action":"GetUpdates", "result":"DeleteReceived", "context":{"id":"3b615991-bfaf-4ba6-b345-10e3d282ffa5", "isDeleted:":"true", "version":"1704915679797"}}
{"logTime": "0225/235346", "correlationVector":"XIS+nnbC2q+rm+s5qpwOy6.29","action":"GetUpdates", "result":"DeleteReceived", "context":{"id":"cf4135e1-eb9b-47b0-9cbc-07d318a82655", "isDeleted:":"true", "version":"1704915681066"}}
{"logTime": "0225/235346", "correlationVector":"XIS+nnbC2q+rm+s5qpwOy6.30","action":"GetUpdates", "result":"DeleteReceived", "context":{"id":"130ad8fd-6d0c-453a-a034-0b290e1de455", "isDeleted:":"true", "version":"1704915684149"}}
{"logTime": "0225/235346", "correlationVector":"XIS+nnbC2q+rm+s5qpwOy6.31","action":"GetUpdates", "result":"DeleteReceived", "context":{"id":"0227b29b-fce6-460b-a844-d830a5118550", "isDeleted:":"true", "version":"1704915689582"}}
{"logTime": "0225/235346", "correlationVector":"XIS+nnbC2q+rm+s5qpwOy6.32","action":"GetUpdates", "result":"DeleteReceived", "context":{"id":"0adee22d-6562-48ed-b45b-1cca74daa427", "isDeleted:":"true", "version":"1704915691228"}}
{"logTime": "0225/235346", "correlationVector":"XIS+nnbC2q+rm+s5qpwOy6.33","action":"GetUpdates", "result":"DeleteReceived", "context":{"id":"405da9c2-88ba-461a-a78a-b9a77ec779bd", "isDeleted:":"true", "version":"1704915692724"}}
{"logTime": "0225/235346", "correlationVector":"XIS+nnbC2q+rm+s5qpwOy6.34","action":"GetUpdates", "result":"DeleteReceived", "context":{"id":"0c510966-22da-45a5-bb14-c660571e42af", "isDeleted:":"true", "version":"1704915694045"}}
{"logTime": "0225/235346", "correlationVector":"XIS+nnbC2q+rm+s5qpwOy6.35","action":"GetUpdates", "result":"DeleteReceived", "context":{"id":"441f3b04-4905-4e25-bcfc-5c5eca1f2c89", "isDeleted:":"true", "version":"1704915710369"}}
{"logTime": "0225/235346", "correlationVector":"XIS+nnbC2q+rm+s5qpwOy6.36","action":"GetUpdates", "result":"DeleteReceived", "context":{"id":"db9d4ce6-e7c1-4d13-a104-9482186894f3", "isDeleted:":"true", "version":"1704915712379"}}
{"logTime": "0225/235346", "correlationVector":"XIS+nnbC2q+rm+s5qpwOy6.37","action":"GetUpdates", "result":"DeleteReceived", "context":{"id":"0a727d97-71e1-4f15-9a17-f4e5caa70c5d", "isDeleted:":"true", "version":"1704915713675"}}
{"logTime": "0225/235346", "correlationVector":"XIS+nnbC2q+rm+s5qpwOy6.38","action":"GetUpdates", "result":"DeleteReceived", "context":{"id":"fd703181-880e-40b3-b671-2bb236e98065", "isDeleted:":"true", "version":"1704915714745"}}
{"logTime": "0225/235346", "correlationVector":"XIS+nnbC2q+rm+s5qpwOy6.39","action":"GetUpdates", "result":"DeleteReceived", "context":{"id":"2c6126a7-d2a0-496e-9783-b44741f01f73", "isDeleted:":"true", "version":"1704915719384"}}
{"logTime": "0225/235346", "correlationVector":"XIS+nnbC2q+rm+s5qpwOy6.40","action":"GetUpdates", "result":"DeleteReceived", "context":{"id":"9a73fe7a-8372-433c-a12a-d75a21269cff", "isDeleted:":"true", "version":"1704915720682"}}
{"logTime": "0225/235346", "correlationVector":"XIS+nnbC2q+rm+s5qpwOy6.41","action":"GetUpdates", "result":"DeleteReceived", "context":{"id":"a3e878ce-4ccb-4dec-91e5-c769824686d9", "isDeleted:":"true", "version":"1704915721266"}}
{"logTime": "0225/235346", "correlationVector":"XIS+nnbC2q+rm+s5qpwOy6.42","action":"GetUpdates", "result":"DeleteReceived", "context":{"id":"52b68e9f-b932-4ca8-b7d4-e69d323abc29", "isDeleted:":"true", "version":"1704915721840"}}
{"logTime": "0225/235346", "correlationVector":"XIS+nnbC2q+rm+s5qpwOy6.43","action":"GetUpdates", "result":"DeleteReceived", "context":{"id":"89c30b3e-2f2a-48ef-88e9-00b3440e2b31", "isDeleted:":"true", "version":"1704915722256"}}
{"logTime": "0225/235346", "correlationVector":"XIS+nnbC2q+rm+s5qpwOy6.44","action":"GetUpdates", "result":"DeleteReceived", "context":{"id":"e7be79b8-219f-4890-8180-e9f92eb777ee", "isDeleted:":"true", "version":"1704915722987"}}
{"logTime": "0225/235346", "correlationVector":"XIS+nnbC2q+rm+s5qpwOy6.45","action":"GetUpdates", "result":"DeleteReceived", "context":{"id":"5d4fd7ae-e709-418c-854a-5da373fd4554", "isDeleted:":"true", "version":"1704915723845"}}
{"logTime": "0225/235346", "correlationVector":"XIS+nnbC2q+rm+s5qpwOy6.46","action":"GetUpdates", "result":"DeleteReceived", "context":{"id":"860d248c-533f-44c1-82ba-2e38f1ea1c3f", "isDeleted:":"true", "version":"1704915725601"}}
{"logTime": "0225/235346", "correlationVector":"XIS+nnbC2q+rm+s5qpwOy6.47","action":"GetUpdates", "result":"DeleteReceived", "context":{"id":"19ebb217-9d17-4eda-8b3d-79c0e5631ede", "isDeleted:":"true", "version":"1704915726841"}}
{"logTime": "0225/235346", "correlationVector":"XIS+nnbC2q+rm+s5qpwOy6.48","action":"GetUpdates", "result":"DeleteReceived", "context":{"id":"bf9acceb-17a1-4236-b971-22e2d42d8679", "isDeleted:":"true", "version":"1704915728641"}}
{"logTime": "0225/235346", "correlationVector":"XIS+nnbC2q+rm+s5qpwOy6.49","action":"GetUpdates", "result":"DeleteReceived", "context":{"id":"6d0605ce-7b04-460d-ac52-af37150834d3", "isDeleted:":"true", "version":"1704915729271"}}
{"logTime": "0225/235346", "correlationVector":"XIS+nnbC2q+rm+s5qpwOy6.50","action":"GetUpdates", "result":"DeleteReceived", "context":{"id":"93ee5c07-69d0-47be-9d34-8884bd0da017", "isDeleted:":"true", "version":"1704915730345"}}
{"logTime": "0225/235346", "correlationVector":"XIS+nnbC2q+rm+s5qpwOy6.51","action":"GetUpdates", "result":"DeleteReceived", "context":{"id":"b00ccd53-0acf-4f5e-992c-47ab2e55e11c", "isDeleted:":"true", "version":"1704915731013"}}
{"logTime": "0225/235346", "correlationVector":"XIS+nnbC2q+rm+s5qpwOy6.52","action":"GetUpdates", "result":"DeleteReceived", "context":{"id":"4cd78664-94a3-4da8-a0e3-eaff16e5b109", "isDeleted:":"true", "version":"1704915732149"}}
{"logTime": "0225/235346", "correlationVector":"XIS+nnbC2q+rm+s5qpwOy6.53","action":"GetUpdates", "result":"DeleteReceived", "context":{"id":"8f7ee039-db73-4686-aa19-27e090f1e5d8", "isDeleted:":"true", "version":"1704915732150"}}
{"logTime": "0225/235346", "correlationVector":"XIS+nnbC2q+rm+s5qpwOy6.54","action":"GetUpdates", "result":"DeleteReceived", "context":{"id":"e3a6053b-c953-4709-9c4d-3810115d75e0", "isDeleted:":"true", "version":"1704915732630"}}
{"logTime": "0225/235346", "correlationVector":"XIS+nnbC2q+rm+s5qpwOy6.55","action":"GetUpdates", "result":"DeleteReceived", "context":{"id":"458f65c6-3d72-4fa1-8f49-8918f86337bb", "isDeleted:":"true", "version":"1704915732631"}}
{"logTime": "0225/235346", "correlationVector":"XIS+nnbC2q+rm+s5qpwOy6.56","action":"GetUpdates", "result":"DeleteReceived", "context":{"id":"c0196122-3833-435a-846b-c789fff03e87", "isDeleted:":"true", "version":"1704915733134"}}
{"logTime": "0225/235346", "correlationVector":"XIS+nnbC2q+rm+s5qpwOy6.57","action":"GetUpdates", "result":"DeleteReceived", "context":{"id":"6888be69-aa0a-4e03-994f-b5c3ecc0609e", "isDeleted:":"true", "version":"1704915733135"}}
{"logTime": "0225/235346", "correlationVector":"XIS+nnbC2q+rm+s5qpwOy6.58","action":"GetUpdates", "result":"DeleteReceived", "context":{"id":"ab353ff5-7374-4473-8913-195ca1a6f587", "isDeleted:":"true", "version":"1704915733136"}}
{"logTime": "0225/235346", "correlationVector":"XIS+nnbC2q+rm+s5qpwOy6.59","action":"GetUpdates", "result":"DeleteReceived", "context":{"id":"b7358c1b-fcfc-4d94-8b8f-771e05bc2253", "isDeleted:":"true", "version":"1704915733678"}}
{"logTime": "0225/235346", "correlationVector":"XIS+nnbC2q+rm+s5qpwOy6.60","action":"GetUpdates", "result":"DeleteReceived", "context":{"id":"670e598a-71b7-4a0c-a249-79f5df9aa549", "isDeleted:":"true", "version":"1704915733679"}}
{"logTime": "0225/235346", "correlationVector":"XIS+nnbC2q+rm+s5qpwOy6.61","action":"GetUpdates", "result":"DeleteReceived", "context":{"id":"b149573d-260d-453c-8b08-760c0e7908f3", "isDeleted:":"true", "version":"1704915734579"}}
{"logTime": "0225/235346", "correlationVector":"XIS+nnbC2q+rm+s5qpwOy6.62","action":"GetUpdates", "result":"DeleteReceived", "context":{"id":"e82e8987-3214-4168-8643-2a366cb32a13", "isDeleted:":"true", "version":"1704915735988"}}
{"logTime": "0225/235346", "correlationVector":"XIS+nnbC2q+rm+s5qpwOy6.63","action":"GetUpdates", "result":"DeleteReceived", "context":{"id":"4ed850fa-a368-49f5-bb20-580ffed4e74b", "isDeleted:":"true", "version":"1704915736431"}}
{"logTime": "0225/235346", "correlationVector":"XIS+nnbC2q+rm+s5qpwOy6.64","action":"GetUpdates", "result":"DeleteReceived", "context":{"id":"f5f37113-4a70-47a2-9f22-58a440c18b5b", "isDeleted:":"true", "version":"1704915736432"}}
{"logTime": "0225/235346", "correlationVector":"XIS+nnbC2q+rm+s5qpwOy6.65","action":"GetUpdates", "result":"DeleteReceived", "context":{"id":"30ce57c6-3dd2-4992-b951-81dd0fbf7762", "isDeleted:":"true", "version":"1704915737260"}}
{"logTime": "0225/235346", "correlationVector":"XIS+nnbC2q+rm+s5qpwOy6.66","action":"GetUpdates", "result":"DeleteReceived", "context":{"id":"67b6db57-9361-4376-972f-345d1143627b", "isDeleted:":"true", "version":"1704915738520"}}
{"logTime": "0225/235346", "correlationVector":"XIS+nnbC2q+rm+s5qpwOy6.67","action":"GetUpdates", "result":"DeleteReceived", "context":{"id":"2a5339d5-529a-4551-8fe8-08ec8ea1e9ec", "isDeleted:":"true", "version":"1704915739372"}}
{"logTime": "0225/235346", "correlationVector":"XIS+nnbC2q+rm+s5qpwOy6.68","action":"GetUpdates", "result":"DeleteReceived", "context":{"id":"694668ce-c79b-49a7-9a26-2bef1c9b4709", "isDeleted:":"true", "version":"1704915740879"}}
{"logTime": "0225/235346", "correlationVector":"XIS+nnbC2q+rm+s5qpwOy6.69","action":"GetUpdates", "result":"DeleteReceived", "context":{"id":"9ede1c0c-b489-4f95-a66b-d7e82d0e2f70", "isDeleted:":"true", "version":"1704915740880"}}
{"logTime": "0225/235346", "correlationVector":"XIS+nnbC2q+rm+s5qpwOy6.70","action":"GetUpdates", "result":"DeleteReceived", "context":{"id":"362158bb-2042-45d7-9922-2b1eb86dd655", "isDeleted:":"true", "version":"1704915741367"}}
{"logTime": "0225/235346", "correlationVector":"XIS+nnbC2q+rm+s5qpwOy6.71","action":"GetUpdates", "result":"DeleteReceived", "context":{"id":"f2781f47-b6da-412c-9ca9-1a71f0c90d34", "isDeleted:":"true", "version":"1704915741368"}}
{"logTime": "0225/235346", "correlationVector":"XIS+nnbC2q+rm+s5qpwOy6.72","action":"GetUpdates", "result":"DeleteReceived", "context":{"id":"7a1ef73d-3022-4850-9c53-c6d965aa6343", "isDeleted:":"true", "version":"1704915741369"}}
{"logTime": "0225/235346", "correlationVector":"XIS+nnbC2q+rm+s5qpwOy6.73","action":"GetUpdates", "result":"DeleteReceived", "context":{"id":"976a671a-2c2a-4d0a-94c7-ad0ecbe6aa33", "isDeleted:":"true", "version":"1704915741871"}}
{"logTime": "0225/235346", "correlationVector":"XIS+nnbC2q+rm+s5qpwOy6.74","action":"GetUpdates", "result":"DeleteReceived", "context":{"id":"c6ab9597-6f8b-4548-b561-13213fe367c1", "isDeleted:":"true", "version":"1704915741872"}}
{"logTime": "0225/235346", "correlationVector":"XIS+nnbC2q+rm+s5qpwOy6.75","action":"GetUpdates", "result":"DeleteReceived", "context":{"id":"cc1d2b2f-e61e-4146-af55-4a9aec181444", "isDeleted:":"true", "version":"1704915741873"}}
{"logTime": "0225/235346", "correlationVector":"XIS+nnbC2q+rm+s5qpwOy6.76","action":"GetUpdates", "result":"DeleteReceived", "context":{"id":"b3bd4d49-b2f5-4393-a12e-bf474c30fd9b", "isDeleted:":"true", "version":"1704915742767"}}
{"logTime": "0225/235346", "correlationVector":"XIS+nnbC2q+rm+s5qpwOy6.77","action":"GetUpdates", "result":"DeleteReceived", "context":{"id":"0168ee5e-5569-47eb-aeaa-f661a2942485", "isDeleted:":"true", "version":"1704915743699"}}
{"logTime": "0225/235346", "correlationVector":"XIS+nnbC2q+rm+s5qpwOy6.78","action":"GetUpdates", "result":"DeleteReceived", "context":{"id":"8de987ec-283e-4c6c-a699-e2c05c82d55f", "isDeleted:":"true", "version":"1704915744369"}}
{"logTime": "0225/235346", "correlationVector":"XIS+nnbC2q+rm+s5qpwOy6.79","action":"GetUpdates", "result":"DeleteReceived", "context":{"id":"655689d3-b0cd-40a7-ad65-0e2488234d95", "isDeleted:":"true", "version":"1704915745642"}}
{"logTime": "0225/235346", "correlationVector":"XIS+nnbC2q+rm+s5qpwOy6.80","action":"GetUpdates", "result":"DeleteReceived", "context":{"id":"f4ab2177-1e78-4cf1-969c-64ea3264fc6a", "isDeleted:":"true", "version":"1704915746747"}}
{"logTime": "0225/235346", "correlationVector":"XIS+nnbC2q+rm+s5qpwOy6.81","action":"GetUpdates", "result":"DeleteReceived", "context":{"id":"2e1f7bd6-396f-4c77-80bf-a920fae7acc1", "isDeleted:":"true", "version":"1704915768963"}}
{"logTime": "0225/235346", "correlationVector":"XIS+nnbC2q+rm+s5qpwOy6.82","action":"GetUpdates", "result":"DeleteReceived", "context":{"id":"ffc2c870-058a-42aa-ba34-730ebfab837a", "isDeleted:":"true", "version":"1704915770928"}}
{"logTime": "0225/235346", "correlationVector":"XIS+nnbC2q+rm+s5qpwOy6.83","action":"GetUpdates", "result":"DeleteReceived", "context":{"id":"e0142cc1-7dc7-472c-9041-04cdbeef6249", "isDeleted:":"true", "version":"1704915771770"}}
{"logTime": "0225/235346", "correlationVector":"XIS+nnbC2q+rm+s5qpwOy6.84","action":"GetUpdates", "result":"DeleteReceived", "context":{"id":"58016225-7f32-4813-8b0b-5b19941fb47e", "isDeleted:":"true", "version":"1704915772752"}}
{"logTime": "0225/235346", "correlationVector":"XIS+nnbC2q+rm+s5qpwOy6.85","action":"GetUpdates", "result":"DeleteReceived", "context":{"id":"1792b01b-6987-4be5-b55a-b695a580a161", "isDeleted:":"true", "version":"1704915774004"}}
{"logTime": "0225/235346", "correlationVector":"XIS+nnbC2q+rm+s5qpwOy6.86","action":"GetUpdates", "result":"DeleteReceived", "context":{"id":"69f8da74-a5d7-4223-aa29-cb006928447b", "isDeleted:":"true", "version":"1704915775704"}}
{"logTime": "0225/235346", "correlationVector":"XIS+nnbC2q+rm+s5qpwOy6.87","action":"GetUpdates", "result":"DeleteReceived", "context":{"id":"e8ad58a1-f47e-44fe-976d-4920271917af", "isDeleted:":"true", "version":"1704915776852"}}
{"logTime": "0225/235346", "correlationVector":"XIS+nnbC2q+rm+s5qpwOy6.88","action":"GetUpdates", "result":"DeleteReceived", "context":{"id":"8519cd4e-5da0-456e-9605-fafecc11f694", "isDeleted:":"true", "version":"1704915777752"}}
{"logTime": "0225/235346", "correlationVector":"XIS+nnbC2q+rm+s5qpwOy6.89","action":"GetUpdates", "result":"DeleteReceived", "context":{"id":"f5653257-6bd0-4416-b27c-0cb0ce05620f", "isDeleted:":"true", "version":"1704915780037"}}
{"logTime": "0225/235346", "correlationVector":"XIS+nnbC2q+rm+s5qpwOy6.90","action":"GetUpdates", "result":"DeleteReceived", "context":{"id":"4f67073f-ab30-4c64-9502-2e943877bddf", "isDeleted:":"true", "version":"1704915781748"}}
{"logTime": "0225/235346", "correlationVector":"XIS+nnbC2q+rm+s5qpwOy6.91","action":"GetUpdates", "result":"DeleteReceived", "context":{"id":"add5de9e-6c51-4e5d-9d8c-c03136bb6c82", "isDeleted:":"true", "version":"1704915783344"}}
{"logTime": "0225/235346", "correlationVector":"XIS+nnbC2q+rm+s5qpwOy6.92","action":"GetUpdates", "result":"DeleteReceived", "context":{"id":"b8950eba-4f3e-4b82-888e-bbe7b58cb7e8", "isDeleted:":"true", "version":"1704915784695"}}
{"logTime": "0225/235346", "correlationVector":"XIS+nnbC2q+rm+s5qpwOy6.93","action":"GetUpdates", "result":"DeleteReceived", "context":{"id":"0f6f331e-f9a5-4e5f-b247-8be889f6da1e", "isDeleted:":"true", "version":"1704915787715"}}
{"logTime": "0225/235346", "correlationVector":"XIS+nnbC2q+rm+s5qpwOy6.94","action":"GetUpdates", "result":"DeleteReceived", "context":{"id":"fbfb3f15-6937-4fc3-acc3-022168d8acf8", "isDeleted:":"true", "version":"1704915789496"}}
{"logTime": "0225/235346", "correlationVector":"XIS+nnbC2q+rm+s5qpwOy6.95","action":"GetUpdates", "result":"DeleteReceived", "context":{"id":"d25cdab1-107a-4bd6-8bc1-e032af8dae81", "isDeleted:":"true", "version":"1704915791019"}}
{"logTime": "0225/235346", "correlationVector":"XIS+nnbC2q+rm+s5qpwOy6.96","action":"GetUpdates", "result":"DeleteReceived", "context":{"id":"1c988f7c-8c47-472f-819a-fa4660198ad0", "isDeleted:":"true", "version":"1704915794837"}}
{"logTime": "0225/235346", "correlationVector":"XIS+nnbC2q+rm+s5qpwOy6.97","action":"GetUpdates Response", "result":"SERVER_MORE_TO_DOWNLOAD", "context":Received 250 update(s).  Some updates remain.}
{"logTime": "0225/235346", "correlationVector":"cwCgrrirNgYcHpVuhlb5kg","action":"Initial GetUpdates", "result":"", "context":Reason: NEWLY_SUPPORTED_DATATYPE. cV=cwCgrrirNgYcHpVuhlb5kg}
{"logTime": "0225/235346", "correlationVector":"cwCgrrirNgYcHpVuhlb5kg.1","action":"SyncServerConnectionManagerRequest", "result":"SYNC_SERVER_OK", "context":{"environment":"Prod_WestEurope_000l", "migrationStage":"NotStarted", "server":"GENERAL0300002Y"}}
{"logTime": "0225/235346", "correlationVector":"cwCgrrirNgYcHpVuhlb5kg.2","action":"GetUpdates Response", "result":"SYNCER_OK", "context":Received 69 update(s). cV=cwCgrrirNgYcHpVuhlb5kg.0;server=GENERAL0300002Y;cloudType=Consumer;environment=Prod_WestEurope_000l;migrationStage=NotStarted}
{"logTime": "0225/235346", "correlationVector":"mp/mG0wlAm+/2FawuGpmsF","action":"Normal GetUpdate request", "result":"", "context":cV=mp/mG0wlAm+/2FawuGpmsF
Nudged types: Sessions
Refresh requested types: Bookmarks, Preferences, Passwords, Autofill Profiles, Autofill, Typed URLs, Extensions, Sessions, Extension settings, History Delete Directives, Device Info, User Consents, Send Tab To Self, Web Apps, Collection, Edge E Drop, Edge Hub App Usage, Edge Wallet, Encryption Keys}
{"logTime": "0225/235346", "correlationVector":"mp/mG0wlAm+/2FawuGpmsF.1","action":"SyncServerConnectionManagerRequest", "result":"SYNC_SERVER_OK", "context":{"environment":"Prod_WestEurope_000l", "migrationStage":"NotStarted", "server":"GENERAL0300002Y"}}
{"logTime": "0225/235346", "correlationVector":"mp/mG0wlAm+/2FawuGpmsF.2","action":"GetUpdates", "result":"DeleteReceived", "context":{"id":"df2caa1a-86da-4e77-bf79-2089be900d36", "isDeleted:":"true", "version":"1708905135985"}}
{"logTime": "0225/235346", "correlationVector":"mp/mG0wlAm+/2FawuGpmsF.3","action":"GetUpdates Response", "result":"SYNCER_OK", "context":Received 3 update(s). cV=mp/mG0wlAm+/2FawuGpmsF.0;server=GENERAL0300002Y;cloudType=Consumer;environment=Prod_WestEurope_000l;migrationStage=NotStarted}
{"logTime": "0225/235346", "correlationVector":"hlIJKDadrW/EQSmPOFf6ls","action":"Commit Request", "result":"", "context":Item count: 3
Contributing types: Sessions}
{"logTime": "0225/235346", "correlationVector":"hlIJKDadrW/EQSmPOFf6ls.1","action":"SyncServerConnectionManagerRequest", "result":"SYNC_SERVER_OK", "context":{"environment":"Prod_WestEurope_000l", "migrationStage":"NotStarted", "server":"GENERAL0300002S"}}
{"logTime": "0225/235346", "correlationVector":"hlIJKDadrW/EQSmPOFf6ls.2","action":"Commit Response", "result":"SYNCER_OK", "context":Result: SYNCER_OK. cV=hlIJKDadrW/EQSmPOFf6ls.0;server=GENERAL0300002S;cloudType=Consumer;environment=Prod_WestEurope_000l;migrationStage=NotStarted}
{"logTime": "0225/235410", "correlationVector":"FI40qx2vY/as0DYuztw+VN","action":"Normal GetUpdate request", "result":"", "context":cV=FI40qx2vY/as0DYuztw+VN
Nudged types: Preferences, Sessions}
{"logTime": "0225/235410", "correlationVector":"FI40qx2vY/as0DYuztw+VN.1","action":"SyncServerConnectionManagerRequest", "result":"SYNC_SERVER_OK", "context":{"environment":"Prod_WestEurope_000l", "migrationStage":"NotStarted", "server":"GENERAL01000008"}}
{"logTime": "0225/235410", "correlationVector":"FI40qx2vY/as0DYuztw+VN.2","action":"GetUpdates Response", "result":"SYNCER_OK", "context":Received 3 update(s). cV=FI40qx2vY/as0DYuztw+VN.0;server=GENERAL01000008;cloudType=Consumer;environment=Prod_WestEurope_000l;migrationStage=NotStarted}
{"logTime": "0225/235410", "correlationVector":"eNMi8OWvDznRxbV4HnxX4l","action":"Commit Request", "result":"", "context":Item count: 3
Contributing types: Preferences, Sessions}
{"logTime": "0225/235411", "correlationVector":"eNMi8OWvDznRxbV4HnxX4l.1","action":"SyncServerConnectionManagerRequest", "result":"SYNC_SERVER_OK", "context":{"environment":"Prod_WestEurope_000l", "migrationStage":"NotStarted", "server":"general0300001F"}}
{"logTime": "0225/235411", "correlationVector":"eNMi8OWvDznRxbV4HnxX4l.2","action":"Commit Response", "result":"SYNCER_OK", "context":Result: SYNCER_OK. cV=eNMi8OWvDznRxbV4HnxX4l.0;server=general0300001F;cloudType=Consumer;environment=Prod_WestEurope_000l;migrationStage=NotStarted}
{"logTime": "0225/235411", "correlationVector":"eNMi8OWvDznRxbV4HnxX4l.3","action":"Commit.Sessions", "result":"Success", "context":{"id":"8baf054c-8d87-4c76-871e-511e14f336de", "isDeleted":"true", "size":"0", "version":"1708905222076"}}
{"logTime": "0225/235620", "correlationVector":"OaTHr5ST6JHY8GjdDUiaZr","action":"Commit Request", "result":"", "context":Item count: 1
Contributing types: Sessions}
{"logTime": "0225/235620", "correlationVector":"OaTHr5ST6JHY8GjdDUiaZr.1","action":"SyncServerConnectionManagerRequest", "result":"SYNC_SERVER_OK", "context":{"environment":"Prod_WestEurope_000l", "migrationStage":"NotStarted", "server":"GENERAL01000000"}}
{"logTime": "0225/235620", "correlationVector":"OaTHr5ST6JHY8GjdDUiaZr.2","action":"Commit Response", "result":"SYNCER_OK", "context":Result: SYNCER_OK. cV=OaTHr5ST6JHY8GjdDUiaZr.0;server=GENERAL01000000;cloudType=Consumer;environment=Prod_WestEurope_000l;migrationStage=NotStarted}
{"logTime": "0225/235731", "correlationVector":"PZzv7y8t6ZeRi6ZBA5U34j","action":"Commit Request", "result":"", "context":Item count: 1
Contributing types: Sessions}
{"logTime": "0225/235732", "correlationVector":"PZzv7y8t6ZeRi6ZBA5U34j.1","action":"SyncServerConnectionManagerRequest", "result":"SYNC_SERVER_OK", "context":{"environment":"Prod_WestEurope_000l", "migrationStage":"NotStarted", "server":"general0300000G"}}
{"logTime": "0225/235732", "correlationVector":"PZzv7y8t6ZeRi6ZBA5U34j.2","action":"Commit Response", "result":"SYNCER_OK", "context":Result: SYNCER_OK. cV=PZzv7y8t6ZeRi6ZBA5U34j.0;server=general0300000G;cloudType=Consumer;environment=Prod_WestEurope_000l;migrationStage=NotStarted}
{"logTime": "0225/235813", "correlationVector":"2oZCWKGoueAxubRMrwbaoF","action":"Commit Request", "result":"", "context":Item count: 1
Contributing types: Sessions}
{"logTime": "0225/235813", "correlationVector":"2oZCWKGoueAxubRMrwbaoF.1","action":"SyncServerConnectionManagerRequest", "result":"SYNC_SERVER_OK", "context":{"environment":"Prod_WestEurope_000l", "migrationStage":"NotStarted", "server":"GENERAL0300002Y"}}
{"logTime": "0225/235813", "correlationVector":"2oZCWKGoueAxubRMrwbaoF.2","action":"Commit Response", "result":"SYNCER_OK", "context":Result: SYNCER_OK. cV=2oZCWKGoueAxubRMrwbaoF.0;server=GENERAL0300002Y;cloudType=Consumer;environment=Prod_WestEurope_000l;migrationStage=NotStarted}
{"logTime": "0225/235839", "correlationVector":"UNEwPduHVcxJdoyq/8wE2G","action":"Normal GetUpdate request", "result":"", "context":cV=UNEwPduHVcxJdoyq/8wE2G
Refresh requested types: Bookmarks, Preferences, Passwords, Autofill Profiles, Autofill, Typed URLs, Extensions, Sessions, Extension settings, History Delete Directives, Device Info, User Consents, Send Tab To Self, Web Apps, Collection, Edge E Drop, Edge Hub App Usage, Edge Wallet, Encryption Keys}
{"logTime": "0225/235839", "correlationVector":"UNEwPduHVcxJdoyq/8wE2G.1","action":"SyncServerConnectionManagerRequest", "result":"SYNC_SERVER_OK", "context":{"environment":"Prod_WestEurope_000l", "migrationStage":"NotStarted", "server":"GENERAL01000022"}}
{"logTime": "0225/235839", "correlationVector":"UNEwPduHVcxJdoyq/8wE2G.2","action":"GetUpdates", "result":"DeleteReceived", "context":{"id":"8baf054c-8d87-4c76-871e-511e14f336de", "isDeleted:":"true", "version":"1708905250479"}}
{"logTime": "0225/235839", "correlationVector":"UNEwPduHVcxJdoyq/8wE2G.3","action":"GetUpdates Response", "result":"SYNCER_OK", "context":Received 3 update(s). cV=UNEwPduHVcxJdoyq/8wE2G.0;server=GENERAL01000022;cloudType=Consumer;environment=Prod_WestEurope_000l;migrationStage=NotStarted}
{"logTime": "0225/235918", "correlationVector":"TxYx8ae4kK/xnnzQ/tX3Ej","action":"Commit Request", "result":"", "context":Item count: 1
Contributing types: Sessions}
{"logTime": "0225/235918", "correlationVector":"TxYx8ae4kK/xnnzQ/tX3Ej.1","action":"SyncServerConnectionManagerRequest", "result":"SYNC_SERVER_OK", "context":{"environment":"Prod_WestEurope_000l", "migrationStage":"NotStarted", "server":"GENERAL0300000O"}}
{"logTime": "0225/235918", "correlationVector":"TxYx8ae4kK/xnnzQ/tX3Ej.2","action":"Commit Response", "result":"SYNCER_OK", "context":Result: SYNCER_OK. cV=TxYx8ae4kK/xnnzQ/tX3Ej.0;server=GENERAL0300000O;cloudType=Consumer;environment=Prod_WestEurope_000l;migrationStage=NotStarted}
{"logTime": "0226/000020", "correlationVector":"0wcTgJnI02O1tSasvspESs","action":"Commit Request", "result":"", "context":Item count: 1
Contributing types: Sessions}
{"logTime": "0226/000021", "correlationVector":"0wcTgJnI02O1tSasvspESs.1","action":"SyncServerConnectionManagerRequest", "result":"SYNC_SERVER_OK", "context":{"environment":"Prod_WestEurope_000l", "migrationStage":"NotStarted", "server":"general0300000G"}}
{"logTime": "0226/000021", "correlationVector":"0wcTgJnI02O1tSasvspESs.2","action":"Commit Response", "result":"SYNCER_OK", "context":Result: SYNCER_OK. cV=0wcTgJnI02O1tSasvspESs.0;server=general0300000G;cloudType=Consumer;environment=Prod_WestEurope_000l;migrationStage=NotStarted}
{"logTime": "0226/000101", "correlationVector":"ej5nTEr2WYd631hyL3663u","action":"Commit Request", "result":"", "context":Item count: 1
Contributing types: Sessions}
{"logTime": "0226/000101", "correlationVector":"ej5nTEr2WYd631hyL3663u.1","action":"SyncServerConnectionManagerRequest", "result":"SYNC_SERVER_OK", "context":{"environment":"Prod_WestEurope_000l", "migrationStage":"NotStarted", "server":"GENERAL0100000X"}}
{"logTime": "0226/000101", "correlationVector":"ej5nTEr2WYd631hyL3663u.2","action":"Commit Response", "result":"SYNCER_OK", "context":Result: SYNCER_OK. cV=ej5nTEr2WYd631hyL3663u.0;server=GENERAL0100000X;cloudType=Consumer;environment=Prod_WestEurope_000l;migrationStage=NotStarted}
{"logTime": "0226/000133", "correlationVector":"/7EN9q+tkBnO0yMkGiMC23","action":"Commit Request", "result":"", "context":Item count: 1
Contributing types: Sessions}
{"logTime": "0226/000134", "correlationVector":"/7EN9q+tkBnO0yMkGiMC23.1","action":"SyncServerConnectionManagerRequest", "result":"SYNC_SERVER_OK", "context":{"environment":"Prod_WestEurope_000l", "migrationStage":"NotStarted", "server":"GENERAL01000022"}}
{"logTime": "0226/000134", "correlationVector":"/7EN9q+tkBnO0yMkGiMC23.2","action":"Commit Response", "result":"SYNCER_OK", "context":Result: SYNCER_OK. cV=/7EN9q+tkBnO0yMkGiMC23.0;server=GENERAL01000022;cloudType=Consumer;environment=Prod_WestEurope_000l;migrationStage=NotStarted}
{"logTime": "0226/000226", "correlationVector":"DkZV0JGqSYUprDf2RE9bHy","action":"Commit Request", "result":"", "context":Item count: 1
Contributing types: Sessions}
{"logTime": "0226/000227", "correlationVector":"DkZV0JGqSYUprDf2RE9bHy.1","action":"SyncServerConnectionManagerRequest", "result":"SYNC_SERVER_OK", "context":{"environment":"Prod_WestEurope_000l", "migrationStage":"NotStarted", "server":"GENERAL0300002S"}}
{"logTime": "0226/000227", "correlationVector":"DkZV0JGqSYUprDf2RE9bHy.2","action":"Commit Response", "result":"SYNCER_OK", "context":Result: SYNCER_OK. cV=DkZV0JGqSYUprDf2RE9bHy.0;server=GENERAL0300002S;cloudType=Consumer;environment=Prod_WestEurope_000l;migrationStage=NotStarted}
{"logTime": "0226/000316", "correlationVector":"kEegrY4oPaIrrG89M8zc5c","action":"Commit Request", "result":"", "context":Item count: 1
Contributing types: Sessions}
{"logTime": "0226/000316", "correlationVector":"kEegrY4oPaIrrG89M8zc5c.1","action":"SyncServerConnectionManagerRequest", "result":"SYNC_SERVER_OK", "context":{"environment":"Prod_WestEurope_000l", "migrationStage":"NotStarted", "server":"GENERAL0100000X"}}
{"logTime": "0226/000316", "correlationVector":"kEegrY4oPaIrrG89M8zc5c.2","action":"Commit Response", "result":"SYNCER_OK", "context":Result: SYNCER_OK. cV=kEegrY4oPaIrrG89M8zc5c.0;server=GENERAL0100000X;cloudType=Consumer;environment=Prod_WestEurope_000l;migrationStage=NotStarted}
{"logTime": "0226/000358", "correlationVector":"vN7ZK6GkjTDRFE0mePvrH7","action":"Commit Request", "result":"", "context":Item count: 1
Contributing types: Sessions}
{"logTime": "0226/000358", "correlationVector":"vN7ZK6GkjTDRFE0mePvrH7.1","action":"SyncServerConnectionManagerRequest", "result":"SYNC_SERVER_OK", "context":{"environment":"Prod_WestEurope_000l", "migrationStage":"NotStarted", "server":"general0300000G"}}
{"logTime": "0226/000358", "correlationVector":"vN7ZK6GkjTDRFE0mePvrH7.2","action":"Commit Response", "result":"SYNCER_OK", "context":Result: SYNCER_OK. cV=vN7ZK6GkjTDRFE0mePvrH7.0;server=general0300000G;cloudType=Consumer;environment=Prod_WestEurope_000l;migrationStage=NotStarted}
{"logTime": "0226/000453", "correlationVector":"OiqP6ePQMoxMXtQSTSPtjb","action":"Commit Request", "result":"", "context":Item count: 1
Contributing types: Sessions}
{"logTime": "0226/000453", "correlationVector":"OiqP6ePQMoxMXtQSTSPtjb.1","action":"SyncServerConnectionManagerRequest", "result":"SYNC_SERVER_OK", "context":{"environment":"Prod_WestEurope_000l", "migrationStage":"NotStarted", "server":"GENERAL01000008"}}
{"logTime": "0226/000453", "correlationVector":"OiqP6ePQMoxMXtQSTSPtjb.2","action":"Commit Response", "result":"SYNCER_OK", "context":Result: SYNCER_OK. cV=OiqP6ePQMoxMXtQSTSPtjb.0;server=GENERAL01000008;cloudType=Consumer;environment=Prod_WestEurope_000l;migrationStage=NotStarted}
